YouTubeAnalyzer 초기화: 8개 API 키 사용 가능
================================================================================
YouTube Batch Data Collection
================================================================================
Started at: 2025-11-14 08:43:42
Dry run: False
================================================================================

Found 44 active keywords:

  1. 'Samsung Galaxy Launch Storage' - 500 videos, 100 comments/video, region: US, category: HHP
  2. 'Pixel Launch Storage' - 500 videos, 100 comments/video, region: US, category: HHP
  3. 'Google Launch Storage' - 500 videos, 100 comments/video, region: US, category: HHP
  4. 'moto Launch Storage' - 500 videos, 100 comments/video, region: US, category: HHP
  5. 'Lenovo Launch Storage' - 500 videos, 100 comments/video, region: US, category: HHP
  6. 'Samsung Galaxy A Launch Storage' - 500 videos, 100 comments/video, region: US, category: HHP
  7. 'Samsung Galaxy Z Fold Launch Storage' - 500 videos, 100 comments/video, region: US, category: HHP
  8. 'Samsung Neo QLED 8K TV Launch' - 500 videos, 100 comments/video, region: US, category: TV
  9. 'Samsung Galaxy Z Flip Launch Storage' - 500 videos, 100 comments/video, region: US, category: HHP
  10. 'Samsung FHD TV Launch' - 500 videos, 100 comments/video, region: US, category: TV
  11. 'Samsung Galaxy Note Launch Storage' - 500 videos, 100 comments/video, region: US, category: HHP
  12. 'QNED TV Launch' - 500 videos, 100 comments/video, region: US, category: TV
  13. 'Evo TV Launch' - 500 videos, 100 comments/video, region: US, category: TV
  14. 'Samsung Flip Launch Color' - 500 videos, 100 comments/video, region: US, category: HHP
  15. 'Samsung Fold Launch Color' - 500 videos, 100 comments/video, region: US, category: HHP
  16. 'Samsung Galaxy Note Launch Color' - 500 videos, 100 comments/video, region: US, category: HHP
  17. 'Samsung QLED TV Launch' - 500 videos, 100 comments/video, region: US, category: TV
  18. 'Samsung Galaxy Z Flip Launch Color' - 500 videos, 100 comments/video, region: US, category: HHP
  19. 'Samsung Galaxy Z Fold Launch Color' - 500 videos, 100 comments/video, region: US, category: HHP
  20. 'Lenovo Launch Color' - 500 videos, 100 comments/video, region: US, category: HHP
  21. 'moto Launch Color' - 500 videos, 100 comments/video, region: US, category: HHP
  22. 'Google Launch Color' - 500 videos, 100 comments/video, region: US, category: HHP
  23. 'Samsung Galaxy S Launch Storage' - 500 videos, 100 comments/video, region: US, category: HHP
  24. 'Samsung Fold Launch Storage' - 500 videos, 100 comments/video, region: US, category: HHP
  25. 'Samsung Flip Launch Storage' - 500 videos, 100 comments/video, region: US, category: HHP
  26. 'Samsung OLED TV Launch' - 500 videos, 100 comments/video, region: US, category: TV
  27. 'Samsung 4K TV Launch' - 500 videos, 100 comments/video, region: US, category: TV
  28. 'Samsung 8K TV Launch' - 500 videos, 100 comments/video, region: US, category: TV
  29. 'Samsung Smart TV Launch' - 500 videos, 100 comments/video, region: US, category: TV
  30. 'Samsung UHD TV Launch' - 500 videos, 100 comments/video, region: US, category: TV
  31. 'Samsung Neo QLED TV Launch' - 500 videos, 100 comments/video, region: US, category: TV
  32. 'Samsung HD TV Launch' - 500 videos, 100 comments/video, region: US, category: TV
  33. 'LG TV Launch' - 500 videos, 100 comments/video, region: US, category: TV
  34. 'TCL TV Launch' - 500 videos, 100 comments/video, region: US, category: TV
  35. 'LED TV Launch' - 500 videos, 100 comments/video, region: US, category: TV
  36. 'Mini LED TV Launch' - 500 videos, 100 comments/video, region: US, category: TV
  37. 'Samsung Galaxy Launch Color' - 500 videos, 100 comments/video, region: US, category: HHP
  38. 'Samsung Galaxy S Launch Color' - 500 videos, 100 comments/video, region: US, category: HHP
  39. 'Samsung Galaxy A Launch Color' - 500 videos, 100 comments/video, region: US, category: HHP
  40. 'Apple Launch Color' - 500 videos, 100 comments/video, region: US, category: HHP
  41. 'iPhone Launch Color' - 500 videos, 100 comments/video, region: US, category: HHP
  42. 'Pixel Launch Color' - 500 videos, 100 comments/video, region: US, category: HHP
  43. 'Apple Launch Storage' - 500 videos, 100 comments/video, region: US, category: HHP
  44. 'iPhone Launch Storage' - 500 videos, 100 comments/video, region: US, category: HHP

================================================================================

================================================================================
Processing keyword 1/44: 'Samsung Galaxy Launch Storage' (category: HHP)
================================================================================
================================================================================
YouTube Data Collection & Analysis Pipeline
================================================================================
Keyword: Samsung Galaxy Launch Storage
Max videos: 500
Max comments per video: 100
Region: US
Summarize comments: True
Analyze sentiment: False
================================================================================

[Step 1/4] Collecting video data from YouTube API (500 videos with quality filter)...

================================================================================
품질 필터링 모드 활성화:
  - 채널 국가: US (US 채널만)
  - 카테고리: 28 (Science & Technology)
  - 최소 구독자: 10,000 OR 채널 총 조회수: 100,000,000
  - 최소 참여율: 2.0%
  - 목표 비디오 수: 500개
  - 배치 크기: 50개씩 수집
================================================================================


[배치 1] 50개 비디오 수집 중...
  비디오 ID 50개 수집 완료
  비디오 상세 정보 수집 중...
  채널 정보 수집 중...
채널 정보 수집 완료: 35개 채널
  비디오 상세 정보 완료: 50개
  품질 필터 적용 중...
  필터 결과: 0개 통과 / 50개
    - 채널 국가 불일치: 48개
    - 카테고리 불일치: 8개
    - 채널 규모 미달: 2개
    - 참여율 미달: 13개
  누적 필터링된 비디오: 0개 / 목표: 500개
  [경고] 연속 1번째 빈 배치 (새 비디오 없음)

[배치 2] 50개 비디오 수집 중...
  비디오 ID 50개 수집 완료
  비디오 상세 정보 수집 중...
  채널 정보 수집 중...
채널 정보 수집 완료: 41개 채널
  비디오 상세 정보 완료: 50개
  품질 필터 적용 중...
  필터 결과: 0개 통과 / 50개
    - 채널 국가 불일치: 50개
    - 카테고리 불일치: 9개
    - 채널 규모 미달: 6개
    - 참여율 미달: 29개
  누적 필터링된 비디오: 0개 / 목표: 500개
  [경고] 연속 2번째 빈 배치 (새 비디오 없음)

[배치 3] 50개 비디오 수집 중...
  더 이상 수집할 비디오가 없습니다 (총 8개 수집)
  비디오 ID 8개 수집 완료
  비디오 상세 정보 수집 중...
  채널 정보 수집 중...
채널 정보 수집 완료: 8개 채널
  비디오 상세 정보 완료: 8개
  품질 필터 적용 중...
  필터 결과: 0개 통과 / 8개
    - 채널 국가 불일치: 7개
    - 카테고리 불일치: 5개
    - 채널 규모 미달: 7개
    - 참여율 미달: 7개
  누적 필터링된 비디오: 0개 / 목표: 500개
  [경고] 연속 3번째 빈 배치 (새 비디오 없음)

[조기 종료] 3번 연속 새 비디오 없음 - 더 이상 수집 가능한 비디오 없음
수집된 비디오: 0개 (목표: 500개)

================================================================================
수집 완료: samsung galaxy launch storage in US
  - 총 수집 비디오 수: 108개
  - 필터링 후: 0개
  - Raw 데이터: 108개
  - 최종 반환: 0개
  - 총 API 호출 수: 9
================================================================================

No videos found!

[WARN] 'Samsung Galaxy Launch Storage' returned no data

Waiting 30 seconds before next keyword...

================================================================================
Processing keyword 2/44: 'Pixel Launch Storage' (category: HHP)
================================================================================
================================================================================
YouTube Data Collection & Analysis Pipeline
================================================================================
Keyword: Pixel Launch Storage
Max videos: 500
Max comments per video: 100
Region: US
Summarize comments: True
Analyze sentiment: False
================================================================================

[Step 1/4] Collecting video data from YouTube API (500 videos with quality filter)...

================================================================================
품질 필터링 모드 활성화:
  - 채널 국가: US (US 채널만)
  - 카테고리: 28 (Science & Technology)
  - 최소 구독자: 10,000 OR 채널 총 조회수: 100,000,000
  - 최소 참여율: 2.0%
  - 목표 비디오 수: 500개
  - 배치 크기: 50개씩 수집
================================================================================


[배치 1] 50개 비디오 수집 중...
  더 이상 수집할 비디오가 없습니다 (총 16개 수집)
  비디오 ID 16개 수집 완료
  비디오 상세 정보 수집 중...
  채널 정보 수집 중...
채널 정보 수집 완료: 15개 채널
  비디오 상세 정보 완료: 16개
  품질 필터 적용 중...
  필터 결과: 0개 통과 / 16개
    - 채널 국가 불일치: 15개
    - 카테고리 불일치: 4개
    - 채널 규모 미달: 7개
    - 참여율 미달: 10개
  누적 필터링된 비디오: 0개 / 목표: 500개
  [경고] 연속 1번째 빈 배치 (새 비디오 없음)

[배치 2] 50개 비디오 수집 중...
  더 이상 수집할 비디오가 없습니다 (총 11개 수집)
  비디오 ID 11개 수집 완료
  비디오 상세 정보 수집 중...
  채널 정보 수집 중...
채널 정보 수집 완료: 10개 채널
  비디오 상세 정보 완료: 11개
  품질 필터 적용 중...
  필터 결과: 0개 통과 / 11개
    - 채널 국가 불일치: 10개
    - 카테고리 불일치: 2개
    - 채널 규모 미달: 2개
    - 참여율 미달: 5개
  누적 필터링된 비디오: 0개 / 목표: 500개
  [경고] 연속 2번째 빈 배치 (새 비디오 없음)

[배치 3] 50개 비디오 수집 중...
  더 이상 수집할 비디오가 없습니다 (총 11개 수집)
  비디오 ID 11개 수집 완료
  비디오 상세 정보 수집 중...
  채널 정보 수집 중...
채널 정보 수집 완료: 10개 채널
  비디오 상세 정보 완료: 11개
  품질 필터 적용 중...
  필터 결과: 0개 통과 / 11개
    - 채널 국가 불일치: 10개
    - 카테고리 불일치: 2개
    - 채널 규모 미달: 2개
    - 참여율 미달: 5개
  누적 필터링된 비디오: 0개 / 목표: 500개
  [경고] 연속 3번째 빈 배치 (새 비디오 없음)

[조기 종료] 3번 연속 새 비디오 없음 - 더 이상 수집 가능한 비디오 없음
수집된 비디오: 0개 (목표: 500개)

================================================================================
수집 완료: pixel launch storage in US
  - 총 수집 비디오 수: 38개
  - 필터링 후: 0개
  - Raw 데이터: 38개
  - 최종 반환: 0개
  - 총 API 호출 수: 9
================================================================================

No videos found!

[WARN] 'Pixel Launch Storage' returned no data

Waiting 30 seconds before next keyword...

================================================================================
Processing keyword 3/44: 'Google Launch Storage' (category: HHP)
================================================================================
================================================================================
YouTube Data Collection & Analysis Pipeline
================================================================================
Keyword: Google Launch Storage
Max videos: 500
Max comments per video: 100
Region: US
Summarize comments: True
Analyze sentiment: False
================================================================================

[Step 1/4] Collecting video data from YouTube API (500 videos with quality filter)...

================================================================================
품질 필터링 모드 활성화:
  - 채널 국가: US (US 채널만)
  - 카테고리: 28 (Science & Technology)
  - 최소 구독자: 10,000 OR 채널 총 조회수: 100,000,000
  - 최소 참여율: 2.0%
  - 목표 비디오 수: 500개
  - 배치 크기: 50개씩 수집
================================================================================


[배치 1] 50개 비디오 수집 중...
  더 이상 수집할 비디오가 없습니다 (총 40개 수집)
  비디오 ID 40개 수집 완료
  비디오 상세 정보 수집 중...
  채널 정보 수집 중...
채널 정보 수집 완료: 35개 채널
  비디오 상세 정보 완료: 40개
  품질 필터 적용 중...
  필터 결과: 0개 통과 / 40개
    - 채널 국가 불일치: 40개
    - 카테고리 불일치: 24개
    - 채널 규모 미달: 22개
    - 참여율 미달: 25개
  누적 필터링된 비디오: 0개 / 목표: 500개
  [경고] 연속 1번째 빈 배치 (새 비디오 없음)

[배치 2] 50개 비디오 수집 중...
  더 이상 수집할 비디오가 없습니다 (총 40개 수집)
  비디오 ID 40개 수집 완료
  비디오 상세 정보 수집 중...
  채널 정보 수집 중...
채널 정보 수집 완료: 35개 채널
  비디오 상세 정보 완료: 40개
  품질 필터 적용 중...
  필터 결과: 0개 통과 / 40개
    - 채널 국가 불일치: 40개
    - 카테고리 불일치: 24개
    - 채널 규모 미달: 22개
    - 참여율 미달: 25개
  누적 필터링된 비디오: 0개 / 목표: 500개
  [경고] 연속 2번째 빈 배치 (새 비디오 없음)

[배치 3] 50개 비디오 수집 중...
  더 이상 수집할 비디오가 없습니다 (총 40개 수집)
  비디오 ID 40개 수집 완료
  비디오 상세 정보 수집 중...
  채널 정보 수집 중...
채널 정보 수집 완료: 35개 채널
  비디오 상세 정보 완료: 40개
  품질 필터 적용 중...
  필터 결과: 0개 통과 / 40개
    - 채널 국가 불일치: 40개
    - 카테고리 불일치: 24개
    - 채널 규모 미달: 22개
    - 참여율 미달: 25개
  누적 필터링된 비디오: 0개 / 목표: 500개
  [경고] 연속 3번째 빈 배치 (새 비디오 없음)

[조기 종료] 3번 연속 새 비디오 없음 - 더 이상 수집 가능한 비디오 없음
수집된 비디오: 0개 (목표: 500개)

================================================================================
수집 완료: google launch storage in US
  - 총 수집 비디오 수: 120개
  - 필터링 후: 0개
  - Raw 데이터: 120개
  - 최종 반환: 0개
  - 총 API 호출 수: 9
================================================================================

No videos found!

[WARN] 'Google Launch Storage' returned no data

Waiting 30 seconds before next keyword...

================================================================================
Processing keyword 4/44: 'moto Launch Storage' (category: HHP)
================================================================================
================================================================================
YouTube Data Collection & Analysis Pipeline
================================================================================
Keyword: moto Launch Storage
Max videos: 500
Max comments per video: 100
Region: US
Summarize comments: True
Analyze sentiment: False
================================================================================

[Step 1/4] Collecting video data from YouTube API (500 videos with quality filter)...

================================================================================
품질 필터링 모드 활성화:
  - 채널 국가: US (US 채널만)
  - 카테고리: 28 (Science & Technology)
  - 최소 구독자: 10,000 OR 채널 총 조회수: 100,000,000
  - 최소 참여율: 2.0%
  - 목표 비디오 수: 500개
  - 배치 크기: 50개씩 수집
================================================================================


[배치 1] 50개 비디오 수집 중...
  비디오 ID 50개 수집 완료
  비디오 상세 정보 수집 중...
  채널 정보 수집 중...
채널 정보 수집 완료: 42개 채널
  비디오 상세 정보 완료: 50개
  품질 필터 적용 중...
  필터 결과: 0개 통과 / 50개
    - 채널 국가 불일치: 50개
    - 카테고리 불일치: 7개
    - 채널 규모 미달: 7개
    - 참여율 미달: 20개
  누적 필터링된 비디오: 0개 / 목표: 500개
  [경고] 연속 1번째 빈 배치 (새 비디오 없음)

[배치 2] 50개 비디오 수집 중...
  더 이상 수집할 비디오가 없습니다 (총 7개 수집)
  비디오 ID 7개 수집 완료
  비디오 상세 정보 수집 중...
  채널 정보 수집 중...
채널 정보 수집 완료: 4개 채널
  비디오 상세 정보 완료: 7개
  품질 필터 적용 중...
  필터 결과: 0개 통과 / 7개
    - 채널 국가 불일치: 6개
    - 카테고리 불일치: 2개
    - 채널 규모 미달: 7개
    - 참여율 미달: 3개
  누적 필터링된 비디오: 0개 / 목표: 500개
  [경고] 연속 2번째 빈 배치 (새 비디오 없음)

[배치 3] 50개 비디오 수집 중...
  비디오 ID 50개 수집 완료
  비디오 상세 정보 수집 중...
  채널 정보 수집 중...
채널 정보 수집 완료: 42개 채널
  비디오 상세 정보 완료: 50개
  품질 필터 적용 중...
  필터 결과: 0개 통과 / 50개
    - 채널 국가 불일치: 50개
    - 카테고리 불일치: 7개
    - 채널 규모 미달: 5개
    - 참여율 미달: 21개
  누적 필터링된 비디오: 0개 / 목표: 500개
  [경고] 연속 3번째 빈 배치 (새 비디오 없음)

[조기 종료] 3번 연속 새 비디오 없음 - 더 이상 수집 가능한 비디오 없음
수집된 비디오: 0개 (목표: 500개)

================================================================================
수집 완료: moto launch storage in US
  - 총 수집 비디오 수: 107개
  - 필터링 후: 0개
  - Raw 데이터: 107개
  - 최종 반환: 0개
  - 총 API 호출 수: 9
================================================================================

No videos found!

[WARN] 'moto Launch Storage' returned no data

Waiting 30 seconds before next keyword...

================================================================================
Processing keyword 5/44: 'Lenovo Launch Storage' (category: HHP)
================================================================================
================================================================================
YouTube Data Collection & Analysis Pipeline
================================================================================
Keyword: Lenovo Launch Storage
Max videos: 500
Max comments per video: 100
Region: US
Summarize comments: True
Analyze sentiment: False
================================================================================

[Step 1/4] Collecting video data from YouTube API (500 videos with quality filter)...

================================================================================
품질 필터링 모드 활성화:
  - 채널 국가: US (US 채널만)
  - 카테고리: 28 (Science & Technology)
  - 최소 구독자: 10,000 OR 채널 총 조회수: 100,000,000
  - 최소 참여율: 2.0%
  - 목표 비디오 수: 500개
  - 배치 크기: 50개씩 수집
================================================================================


[배치 1] 50개 비디오 수집 중...
  더 이상 수집할 비디오가 없습니다 (총 19개 수집)
  비디오 ID 19개 수집 완료
  비디오 상세 정보 수집 중...
  채널 정보 수집 중...
채널 정보 수집 완료: 14개 채널
  비디오 상세 정보 완료: 19개
  품질 필터 적용 중...
  필터 결과: 0개 통과 / 19개
    - 채널 국가 불일치: 19개
    - 카테고리 불일치: 1개
    - 채널 규모 미달: 2개
    - 참여율 미달: 4개
  누적 필터링된 비디오: 0개 / 목표: 500개
  [경고] 연속 1번째 빈 배치 (새 비디오 없음)

[배치 2] 50개 비디오 수집 중...
  더 이상 수집할 비디오가 없습니다 (총 19개 수집)
  비디오 ID 19개 수집 완료
  비디오 상세 정보 수집 중...
  채널 정보 수집 중...
채널 정보 수집 완료: 14개 채널
  비디오 상세 정보 완료: 19개
  품질 필터 적용 중...
  필터 결과: 0개 통과 / 19개
    - 채널 국가 불일치: 19개
    - 카테고리 불일치: 1개
    - 채널 규모 미달: 2개
    - 참여율 미달: 4개
  누적 필터링된 비디오: 0개 / 목표: 500개
  [경고] 연속 2번째 빈 배치 (새 비디오 없음)

[배치 3] 50개 비디오 수집 중...
  더 이상 수집할 비디오가 없습니다 (총 19개 수집)
  비디오 ID 19개 수집 완료
  비디오 상세 정보 수집 중...
  채널 정보 수집 중...
채널 정보 수집 완료: 14개 채널
  비디오 상세 정보 완료: 19개
  품질 필터 적용 중...
  필터 결과: 0개 통과 / 19개
    - 채널 국가 불일치: 19개
    - 카테고리 불일치: 1개
    - 채널 규모 미달: 2개
    - 참여율 미달: 4개
  누적 필터링된 비디오: 0개 / 목표: 500개
  [경고] 연속 3번째 빈 배치 (새 비디오 없음)

[조기 종료] 3번 연속 새 비디오 없음 - 더 이상 수집 가능한 비디오 없음
수집된 비디오: 0개 (목표: 500개)

================================================================================
수집 완료: lenovo launch storage in US
  - 총 수집 비디오 수: 57개
  - 필터링 후: 0개
  - Raw 데이터: 57개
  - 최종 반환: 0개
  - 총 API 호출 수: 9
================================================================================

No videos found!

[WARN] 'Lenovo Launch Storage' returned no data

Waiting 30 seconds before next keyword...

================================================================================
Processing keyword 6/44: 'Samsung Galaxy A Launch Storage' (category: HHP)
================================================================================
================================================================================
YouTube Data Collection & Analysis Pipeline
================================================================================
Keyword: Samsung Galaxy A Launch Storage
Max videos: 500
Max comments per video: 100
Region: US
Summarize comments: True
Analyze sentiment: False
================================================================================

[Step 1/4] Collecting video data from YouTube API (500 videos with quality filter)...

================================================================================
품질 필터링 모드 활성화:
  - 채널 국가: US (US 채널만)
  - 카테고리: 28 (Science & Technology)
  - 최소 구독자: 10,000 OR 채널 총 조회수: 100,000,000
  - 최소 참여율: 2.0%
  - 목표 비디오 수: 500개
  - 배치 크기: 50개씩 수집
================================================================================


[배치 1] 50개 비디오 수집 중...
  비디오 ID 50개 수집 완료
  비디오 상세 정보 수집 중...
  채널 정보 수집 중...
채널 정보 수집 완료: 36개 채널
  비디오 상세 정보 완료: 50개
  품질 필터 적용 중...
  필터 결과: 0개 통과 / 50개
    - 채널 국가 불일치: 48개
    - 카테고리 불일치: 7개
    - 채널 규모 미달: 3개
    - 참여율 미달: 14개
  누적 필터링된 비디오: 0개 / 목표: 500개
  [경고] 연속 1번째 빈 배치 (새 비디오 없음)

[배치 2] 50개 비디오 수집 중...
  비디오 ID 50개 수집 완료
  비디오 상세 정보 수집 중...
  채널 정보 수집 중...
채널 정보 수집 완료: 45개 채널
  비디오 상세 정보 완료: 50개
  품질 필터 적용 중...
  필터 결과: 0개 통과 / 50개
    - 채널 국가 불일치: 50개
    - 카테고리 불일치: 13개
    - 채널 규모 미달: 9개
    - 참여율 미달: 33개
  누적 필터링된 비디오: 0개 / 목표: 500개
  [경고] 연속 2번째 빈 배치 (새 비디오 없음)

[배치 3] 50개 비디오 수집 중...
  더 이상 수집할 비디오가 없습니다 (총 4개 수집)
  비디오 ID 4개 수집 완료
  비디오 상세 정보 수집 중...
  채널 정보 수집 중...
채널 정보 수집 완료: 4개 채널
  비디오 상세 정보 완료: 4개
  품질 필터 적용 중...
  필터 결과: 0개 통과 / 4개
    - 채널 국가 불일치: 4개
    - 카테고리 불일치: 3개
    - 채널 규모 미달: 2개
    - 참여율 미달: 4개
  누적 필터링된 비디오: 0개 / 목표: 500개
  [경고] 연속 3번째 빈 배치 (새 비디오 없음)

[조기 종료] 3번 연속 새 비디오 없음 - 더 이상 수집 가능한 비디오 없음
수집된 비디오: 0개 (목표: 500개)

================================================================================
수집 완료: samsung galaxy a launch storage in US
  - 총 수집 비디오 수: 104개
  - 필터링 후: 0개
  - Raw 데이터: 104개
  - 최종 반환: 0개
  - 총 API 호출 수: 9
================================================================================

No videos found!

[WARN] 'Samsung Galaxy A Launch Storage' returned no data

Waiting 30 seconds before next keyword...

================================================================================
Processing keyword 7/44: 'Samsung Galaxy Z Fold Launch Storage' (category: HHP)
================================================================================
================================================================================
YouTube Data Collection & Analysis Pipeline
================================================================================
Keyword: Samsung Galaxy Z Fold Launch Storage
Max videos: 500
Max comments per video: 100
Region: US
Summarize comments: True
Analyze sentiment: False
================================================================================

[Step 1/4] Collecting video data from YouTube API (500 videos with quality filter)...

================================================================================
품질 필터링 모드 활성화:
  - 채널 국가: US (US 채널만)
  - 카테고리: 28 (Science & Technology)
  - 최소 구독자: 10,000 OR 채널 총 조회수: 100,000,000
  - 최소 참여율: 2.0%
  - 목표 비디오 수: 500개
  - 배치 크기: 50개씩 수집
================================================================================


[배치 1] 50개 비디오 수집 중...
  더 이상 수집할 비디오가 없습니다 (총 32개 수집)
  비디오 ID 32개 수집 완료
  비디오 상세 정보 수집 중...
  채널 정보 수집 중...
채널 정보 수집 완료: 28개 채널
  비디오 상세 정보 완료: 32개
  품질 필터 적용 중...
  필터 결과: 0개 통과 / 32개
    - 채널 국가 불일치: 30개
    - 카테고리 불일치: 13개
    - 채널 규모 미달: 10개
    - 참여율 미달: 23개
  누적 필터링된 비디오: 0개 / 목표: 500개
  [경고] 연속 1번째 빈 배치 (새 비디오 없음)

[배치 2] 50개 비디오 수집 중...
  더 이상 수집할 비디오가 없습니다 (총 32개 수집)
  비디오 ID 32개 수집 완료
  비디오 상세 정보 수집 중...
  채널 정보 수집 중...
채널 정보 수집 완료: 28개 채널
  비디오 상세 정보 완료: 32개
  품질 필터 적용 중...
  필터 결과: 0개 통과 / 32개
    - 채널 국가 불일치: 30개
    - 카테고리 불일치: 13개
    - 채널 규모 미달: 10개
    - 참여율 미달: 23개
  누적 필터링된 비디오: 0개 / 목표: 500개
  [경고] 연속 2번째 빈 배치 (새 비디오 없음)

[배치 3] 50개 비디오 수집 중...
  더 이상 수집할 비디오가 없습니다 (총 32개 수집)
  비디오 ID 32개 수집 완료
  비디오 상세 정보 수집 중...
  채널 정보 수집 중...
채널 정보 수집 완료: 28개 채널
  비디오 상세 정보 완료: 32개
  품질 필터 적용 중...
  필터 결과: 0개 통과 / 32개
    - 채널 국가 불일치: 30개
    - 카테고리 불일치: 13개
    - 채널 규모 미달: 10개
    - 참여율 미달: 23개
  누적 필터링된 비디오: 0개 / 목표: 500개
  [경고] 연속 3번째 빈 배치 (새 비디오 없음)

[조기 종료] 3번 연속 새 비디오 없음 - 더 이상 수집 가능한 비디오 없음
수집된 비디오: 0개 (목표: 500개)

================================================================================
수집 완료: samsung galaxy z fold launch storage in US
  - 총 수집 비디오 수: 96개
  - 필터링 후: 0개
  - Raw 데이터: 96개
  - 최종 반환: 0개
  - 총 API 호출 수: 9
================================================================================

No videos found!

[WARN] 'Samsung Galaxy Z Fold Launch Storage' returned no data

Waiting 30 seconds before next keyword...

================================================================================
Processing keyword 8/44: 'Samsung Neo QLED 8K TV Launch' (category: TV)
================================================================================
================================================================================
YouTube Data Collection & Analysis Pipeline
================================================================================
Keyword: Samsung Neo QLED 8K TV Launch
Max videos: 500
Max comments per video: 100
Region: US
Summarize comments: True
Analyze sentiment: False
================================================================================

[Step 1/4] Collecting video data from YouTube API (500 videos with quality filter)...

================================================================================
품질 필터링 모드 활성화:
  - 채널 국가: US (US 채널만)
  - 카테고리: 28 (Science & Technology)
  - 최소 구독자: 10,000 OR 채널 총 조회수: 100,000,000
  - 최소 참여율: 2.0%
  - 목표 비디오 수: 500개
  - 배치 크기: 50개씩 수집
================================================================================


[배치 1] 50개 비디오 수집 중...
  더 이상 수집할 비디오가 없습니다 (총 30개 수집)
  비디오 ID 30개 수집 완료
  비디오 상세 정보 수집 중...
  채널 정보 수집 중...
채널 정보 수집 완료: 28개 채널
  비디오 상세 정보 완료: 30개
  품질 필터 적용 중...
  필터 결과: 0개 통과 / 30개
    - 채널 국가 불일치: 27개
    - 카테고리 불일치: 6개
    - 채널 규모 미달: 12개
    - 참여율 미달: 14개
  누적 필터링된 비디오: 0개 / 목표: 500개
  [경고] 연속 1번째 빈 배치 (새 비디오 없음)

[배치 2] 50개 비디오 수집 중...
  더 이상 수집할 비디오가 없습니다 (총 30개 수집)
  비디오 ID 30개 수집 완료
  비디오 상세 정보 수집 중...
  채널 정보 수집 중...
채널 정보 수집 완료: 28개 채널
  비디오 상세 정보 완료: 30개
  품질 필터 적용 중...
  필터 결과: 0개 통과 / 30개
    - 채널 국가 불일치: 27개
    - 카테고리 불일치: 6개
    - 채널 규모 미달: 12개
    - 참여율 미달: 14개
  누적 필터링된 비디오: 0개 / 목표: 500개
  [경고] 연속 2번째 빈 배치 (새 비디오 없음)

[배치 3] 50개 비디오 수집 중...
  더 이상 수집할 비디오가 없습니다 (총 30개 수집)
  비디오 ID 30개 수집 완료
  비디오 상세 정보 수집 중...
  채널 정보 수집 중...
채널 정보 수집 완료: 28개 채널
  비디오 상세 정보 완료: 30개
  품질 필터 적용 중...
  필터 결과: 0개 통과 / 30개
    - 채널 국가 불일치: 27개
    - 카테고리 불일치: 6개
    - 채널 규모 미달: 12개
    - 참여율 미달: 14개
  누적 필터링된 비디오: 0개 / 목표: 500개
  [경고] 연속 3번째 빈 배치 (새 비디오 없음)

[조기 종료] 3번 연속 새 비디오 없음 - 더 이상 수집 가능한 비디오 없음
수집된 비디오: 0개 (목표: 500개)

================================================================================
수집 완료: samsung neo qled 8k tv launch in US
  - 총 수집 비디오 수: 90개
  - 필터링 후: 0개
  - Raw 데이터: 90개
  - 최종 반환: 0개
  - 총 API 호출 수: 9
================================================================================

No videos found!

[WARN] 'Samsung Neo QLED 8K TV Launch' returned no data

Waiting 30 seconds before next keyword...

================================================================================
Processing keyword 9/44: 'Samsung Galaxy Z Flip Launch Storage' (category: HHP)
================================================================================
================================================================================
YouTube Data Collection & Analysis Pipeline
================================================================================
Keyword: Samsung Galaxy Z Flip Launch Storage
Max videos: 500
Max comments per video: 100
Region: US
Summarize comments: True
Analyze sentiment: False
================================================================================

[Step 1/4] Collecting video data from YouTube API (500 videos with quality filter)...

================================================================================
품질 필터링 모드 활성화:
  - 채널 국가: US (US 채널만)
  - 카테고리: 28 (Science & Technology)
  - 최소 구독자: 10,000 OR 채널 총 조회수: 100,000,000
  - 최소 참여율: 2.0%
  - 목표 비디오 수: 500개
  - 배치 크기: 50개씩 수집
================================================================================


[배치 1] 50개 비디오 수집 중...
  더 이상 수집할 비디오가 없습니다 (총 12개 수집)
  비디오 ID 12개 수집 완료
  비디오 상세 정보 수집 중...
  채널 정보 수집 중...
채널 정보 수집 완료: 10개 채널
  비디오 상세 정보 완료: 12개
  품질 필터 적용 중...
  필터 결과: 0개 통과 / 12개
    - 채널 국가 불일치: 11개
    - 카테고리 불일치: 7개
    - 채널 규모 미달: 5개
    - 참여율 미달: 10개
  누적 필터링된 비디오: 0개 / 목표: 500개
  [경고] 연속 1번째 빈 배치 (새 비디오 없음)

[배치 2] 50개 비디오 수집 중...
  더 이상 수집할 비디오가 없습니다 (총 11개 수집)
  비디오 ID 11개 수집 완료
  비디오 상세 정보 수집 중...
  채널 정보 수집 중...
채널 정보 수집 완료: 10개 채널
  비디오 상세 정보 완료: 11개
  품질 필터 적용 중...
  필터 결과: 0개 통과 / 11개
    - 채널 국가 불일치: 10개
    - 카테고리 불일치: 8개
    - 채널 규모 미달: 3개
    - 참여율 미달: 9개
  누적 필터링된 비디오: 0개 / 목표: 500개
  [경고] 연속 2번째 빈 배치 (새 비디오 없음)

[배치 3] 50개 비디오 수집 중...
  더 이상 수집할 비디오가 없습니다 (총 11개 수집)
  비디오 ID 11개 수집 완료
  비디오 상세 정보 수집 중...
  채널 정보 수집 중...
채널 정보 수집 완료: 10개 채널
  비디오 상세 정보 완료: 11개
  품질 필터 적용 중...
  필터 결과: 0개 통과 / 11개
    - 채널 국가 불일치: 10개
    - 카테고리 불일치: 8개
    - 채널 규모 미달: 3개
    - 참여율 미달: 9개
  누적 필터링된 비디오: 0개 / 목표: 500개
  [경고] 연속 3번째 빈 배치 (새 비디오 없음)

[조기 종료] 3번 연속 새 비디오 없음 - 더 이상 수집 가능한 비디오 없음
수집된 비디오: 0개 (목표: 500개)

================================================================================
수집 완료: samsung galaxy z flip launch storage in US
  - 총 수집 비디오 수: 34개
  - 필터링 후: 0개
  - Raw 데이터: 34개
  - 최종 반환: 0개
  - 총 API 호출 수: 9
================================================================================

No videos found!

[WARN] 'Samsung Galaxy Z Flip Launch Storage' returned no data

Waiting 30 seconds before next keyword...

================================================================================
Processing keyword 10/44: 'Samsung FHD TV Launch' (category: TV)
================================================================================
================================================================================
YouTube Data Collection & Analysis Pipeline
================================================================================
Keyword: Samsung FHD TV Launch
Max videos: 500
Max comments per video: 100
Region: US
Summarize comments: True
Analyze sentiment: False
================================================================================

[Step 1/4] Collecting video data from YouTube API (500 videos with quality filter)...

================================================================================
품질 필터링 모드 활성화:
  - 채널 국가: US (US 채널만)
  - 카테고리: 28 (Science & Technology)
  - 최소 구독자: 10,000 OR 채널 총 조회수: 100,000,000
  - 최소 참여율: 2.0%
  - 목표 비디오 수: 500개
  - 배치 크기: 50개씩 수집
================================================================================


[배치 1] 50개 비디오 수집 중...
  비디오 ID 50개 수집 완료
  비디오 상세 정보 수집 중...
  채널 정보 수집 중...
채널 정보 수집 완료: 32개 채널
  비디오 상세 정보 완료: 50개
  품질 필터 적용 중...
  필터 결과: 0개 통과 / 50개
    - 채널 국가 불일치: 50개
    - 카테고리 불일치: 7개
    - 채널 규모 미달: 6개
    - 참여율 미달: 43개
  누적 필터링된 비디오: 0개 / 목표: 500개
  [경고] 연속 1번째 빈 배치 (새 비디오 없음)

[배치 2] 50개 비디오 수집 중...
  더 이상 수집할 비디오가 없습니다 (총 9개 수집)
  비디오 ID 9개 수집 완료
  비디오 상세 정보 수집 중...
  채널 정보 수집 중...
채널 정보 수집 완료: 9개 채널
  비디오 상세 정보 완료: 9개
  품질 필터 적용 중...
  필터 결과: 0개 통과 / 9개
    - 채널 국가 불일치: 8개
    - 카테고리 불일치: 1개
    - 채널 규모 미달: 4개
    - 참여율 미달: 8개
  누적 필터링된 비디오: 0개 / 목표: 500개
  [경고] 연속 2번째 빈 배치 (새 비디오 없음)

[배치 3] 50개 비디오 수집 중...
  비디오 ID 50개 수집 완료
  비디오 상세 정보 수집 중...
  채널 정보 수집 중...
채널 정보 수집 완료: 32개 채널
  비디오 상세 정보 완료: 50개
  품질 필터 적용 중...
  필터 결과: 0개 통과 / 50개
    - 채널 국가 불일치: 50개
    - 카테고리 불일치: 7개
    - 채널 규모 미달: 6개
    - 참여율 미달: 43개
  누적 필터링된 비디오: 0개 / 목표: 500개
  [경고] 연속 3번째 빈 배치 (새 비디오 없음)

[조기 종료] 3번 연속 새 비디오 없음 - 더 이상 수집 가능한 비디오 없음
수집된 비디오: 0개 (목표: 500개)

================================================================================
수집 완료: samsung fhd tv launch in US
  - 총 수집 비디오 수: 109개
  - 필터링 후: 0개
  - Raw 데이터: 109개
  - 최종 반환: 0개
  - 총 API 호출 수: 9
================================================================================

No videos found!

[WARN] 'Samsung FHD TV Launch' returned no data

Waiting 30 seconds before next keyword...

================================================================================
Processing keyword 11/44: 'Samsung Galaxy Note Launch Storage' (category: HHP)
================================================================================
================================================================================
YouTube Data Collection & Analysis Pipeline
================================================================================
Keyword: Samsung Galaxy Note Launch Storage
Max videos: 500
Max comments per video: 100
Region: US
Summarize comments: True
Analyze sentiment: False
================================================================================

[Step 1/4] Collecting video data from YouTube API (500 videos with quality filter)...

================================================================================
품질 필터링 모드 활성화:
  - 채널 국가: US (US 채널만)
  - 카테고리: 28 (Science & Technology)
  - 최소 구독자: 10,000 OR 채널 총 조회수: 100,000,000
  - 최소 참여율: 2.0%
  - 목표 비디오 수: 500개
  - 배치 크기: 50개씩 수집
================================================================================


[배치 1] 50개 비디오 수집 중...
  더 이상 수집할 비디오가 없습니다 (총 13개 수집)
  비디오 ID 13개 수집 완료
  비디오 상세 정보 수집 중...
  채널 정보 수집 중...
채널 정보 수집 완료: 12개 채널
  비디오 상세 정보 완료: 13개
  품질 필터 적용 중...
  필터 결과: 0개 통과 / 13개
    - 채널 국가 불일치: 13개
    - 카테고리 불일치: 3개
    - 채널 규모 미달: 4개
    - 참여율 미달: 8개
  누적 필터링된 비디오: 0개 / 목표: 500개
  [경고] 연속 1번째 빈 배치 (새 비디오 없음)

[배치 2] 50개 비디오 수집 중...
  더 이상 수집할 비디오가 없습니다 (총 13개 수집)
  비디오 ID 13개 수집 완료
  비디오 상세 정보 수집 중...
  채널 정보 수집 중...
채널 정보 수집 완료: 12개 채널
  비디오 상세 정보 완료: 13개
  품질 필터 적용 중...
  필터 결과: 0개 통과 / 13개
    - 채널 국가 불일치: 13개
    - 카테고리 불일치: 3개
    - 채널 규모 미달: 4개
    - 참여율 미달: 8개
  누적 필터링된 비디오: 0개 / 목표: 500개
  [경고] 연속 2번째 빈 배치 (새 비디오 없음)

[배치 3] 50개 비디오 수집 중...
  더 이상 수집할 비디오가 없습니다 (총 13개 수집)
  비디오 ID 13개 수집 완료
  비디오 상세 정보 수집 중...
  채널 정보 수집 중...
채널 정보 수집 완료: 12개 채널
  비디오 상세 정보 완료: 13개
  품질 필터 적용 중...
  필터 결과: 0개 통과 / 13개
    - 채널 국가 불일치: 13개
    - 카테고리 불일치: 3개
    - 채널 규모 미달: 4개
    - 참여율 미달: 8개
  누적 필터링된 비디오: 0개 / 목표: 500개
  [경고] 연속 3번째 빈 배치 (새 비디오 없음)

[조기 종료] 3번 연속 새 비디오 없음 - 더 이상 수집 가능한 비디오 없음
수집된 비디오: 0개 (목표: 500개)

================================================================================
수집 완료: samsung galaxy note launch storage in US
  - 총 수집 비디오 수: 39개
  - 필터링 후: 0개
  - Raw 데이터: 39개
  - 최종 반환: 0개
  - 총 API 호출 수: 9
================================================================================

No videos found!

[WARN] 'Samsung Galaxy Note Launch Storage' returned no data

Waiting 30 seconds before next keyword...

================================================================================
Processing keyword 12/44: 'QNED TV Launch' (category: TV)
================================================================================
================================================================================
YouTube Data Collection & Analysis Pipeline
================================================================================
Keyword: QNED TV Launch
Max videos: 500
Max comments per video: 100
Region: US
Summarize comments: True
Analyze sentiment: False
================================================================================

[Step 1/4] Collecting video data from YouTube API (500 videos with quality filter)...

================================================================================
품질 필터링 모드 활성화:
  - 채널 국가: US (US 채널만)
  - 카테고리: 28 (Science & Technology)
  - 최소 구독자: 10,000 OR 채널 총 조회수: 100,000,000
  - 최소 참여율: 2.0%
  - 목표 비디오 수: 500개
  - 배치 크기: 50개씩 수집
================================================================================


[배치 1] 50개 비디오 수집 중...
  더 이상 수집할 비디오가 없습니다 (총 46개 수집)
  비디오 ID 46개 수집 완료
  비디오 상세 정보 수집 중...
  채널 정보 수집 중...
채널 정보 수집 완료: 27개 채널
  비디오 상세 정보 완료: 46개
  품질 필터 적용 중...
  필터 결과: 0개 통과 / 46개
    - 채널 국가 불일치: 46개
    - 카테고리 불일치: 10개
    - 채널 규모 미달: 6개
    - 참여율 미달: 34개
  누적 필터링된 비디오: 0개 / 목표: 500개
  [경고] 연속 1번째 빈 배치 (새 비디오 없음)

[배치 2] 50개 비디오 수집 중...
  더 이상 수집할 비디오가 없습니다 (총 46개 수집)
  비디오 ID 46개 수집 완료
  비디오 상세 정보 수집 중...
  채널 정보 수집 중...
채널 정보 수집 완료: 27개 채널
  비디오 상세 정보 완료: 46개
  품질 필터 적용 중...
  필터 결과: 0개 통과 / 46개
    - 채널 국가 불일치: 46개
    - 카테고리 불일치: 10개
    - 채널 규모 미달: 6개
    - 참여율 미달: 34개
  누적 필터링된 비디오: 0개 / 목표: 500개
  [경고] 연속 2번째 빈 배치 (새 비디오 없음)

[배치 3] 50개 비디오 수집 중...
  더 이상 수집할 비디오가 없습니다 (총 45개 수집)
  비디오 ID 45개 수집 완료
  비디오 상세 정보 수집 중...
  채널 정보 수집 중...
채널 정보 수집 완료: 27개 채널
  비디오 상세 정보 완료: 45개
  품질 필터 적용 중...
  필터 결과: 0개 통과 / 45개
    - 채널 국가 불일치: 45개
    - 카테고리 불일치: 9개
    - 채널 규모 미달: 6개
    - 참여율 미달: 33개
  누적 필터링된 비디오: 0개 / 목표: 500개
  [경고] 연속 3번째 빈 배치 (새 비디오 없음)

[조기 종료] 3번 연속 새 비디오 없음 - 더 이상 수집 가능한 비디오 없음
수집된 비디오: 0개 (목표: 500개)

================================================================================
수집 완료: qned tv launch in US
  - 총 수집 비디오 수: 137개
  - 필터링 후: 0개
  - Raw 데이터: 137개
  - 최종 반환: 0개
  - 총 API 호출 수: 9
================================================================================

No videos found!

[WARN] 'QNED TV Launch' returned no data

Waiting 30 seconds before next keyword...

================================================================================
Processing keyword 13/44: 'Evo TV Launch' (category: TV)
================================================================================
================================================================================
YouTube Data Collection & Analysis Pipeline
================================================================================
Keyword: Evo TV Launch
Max videos: 500
Max comments per video: 100
Region: US
Summarize comments: True
Analyze sentiment: False
================================================================================

[Step 1/4] Collecting video data from YouTube API (500 videos with quality filter)...

================================================================================
품질 필터링 모드 활성화:
  - 채널 국가: US (US 채널만)
  - 카테고리: 28 (Science & Technology)
  - 최소 구독자: 10,000 OR 채널 총 조회수: 100,000,000
  - 최소 참여율: 2.0%
  - 목표 비디오 수: 500개
  - 배치 크기: 50개씩 수집
================================================================================


[배치 1] 50개 비디오 수집 중...
  더 이상 수집할 비디오가 없습니다 (총 4개 수집)
  비디오 ID 4개 수집 완료
  비디오 상세 정보 수집 중...
  채널 정보 수집 중...
채널 정보 수집 완료: 4개 채널
  비디오 상세 정보 완료: 4개
  품질 필터 적용 중...
  필터 결과: 0개 통과 / 4개
    - 채널 국가 불일치: 4개
    - 카테고리 불일치: 4개
    - 채널 규모 미달: 0개
    - 참여율 미달: 3개
  누적 필터링된 비디오: 0개 / 목표: 500개
  [경고] 연속 1번째 빈 배치 (새 비디오 없음)

[배치 2] 50개 비디오 수집 중...
  더 이상 수집할 비디오가 없습니다 (총 4개 수집)
  비디오 ID 4개 수집 완료
  비디오 상세 정보 수집 중...
  채널 정보 수집 중...
채널 정보 수집 완료: 4개 채널
  비디오 상세 정보 완료: 4개
  품질 필터 적용 중...
  필터 결과: 0개 통과 / 4개
    - 채널 국가 불일치: 4개
    - 카테고리 불일치: 4개
    - 채널 규모 미달: 0개
    - 참여율 미달: 3개
  누적 필터링된 비디오: 0개 / 목표: 500개
  [경고] 연속 2번째 빈 배치 (새 비디오 없음)

[배치 3] 50개 비디오 수집 중...
  더 이상 수집할 비디오가 없습니다 (총 1개 수집)
  비디오 ID 1개 수집 완료
  비디오 상세 정보 수집 중...
  채널 정보 수집 중...
채널 정보 수집 완료: 1개 채널
  비디오 상세 정보 완료: 1개
  품질 필터 적용 중...
  필터 결과: 0개 통과 / 1개
    - 채널 국가 불일치: 1개
    - 카테고리 불일치: 1개
    - 채널 규모 미달: 0개
    - 참여율 미달: 0개
  누적 필터링된 비디오: 0개 / 목표: 500개
  [경고] 연속 3번째 빈 배치 (새 비디오 없음)

[조기 종료] 3번 연속 새 비디오 없음 - 더 이상 수집 가능한 비디오 없음
수집된 비디오: 0개 (목표: 500개)

================================================================================
수집 완료: evo tv launch in US
  - 총 수집 비디오 수: 9개
  - 필터링 후: 0개
  - Raw 데이터: 9개
  - 최종 반환: 0개
  - 총 API 호출 수: 9
================================================================================

No videos found!

[WARN] 'Evo TV Launch' returned no data

Waiting 30 seconds before next keyword...

================================================================================
Processing keyword 14/44: 'Samsung Flip Launch Color' (category: HHP)
================================================================================
================================================================================
YouTube Data Collection & Analysis Pipeline
================================================================================
Keyword: Samsung Flip Launch Color
Max videos: 500
Max comments per video: 100
Region: US
Summarize comments: True
Analyze sentiment: False
================================================================================

[Step 1/4] Collecting video data from YouTube API (500 videos with quality filter)...

================================================================================
품질 필터링 모드 활성화:
  - 채널 국가: US (US 채널만)
  - 카테고리: 28 (Science & Technology)
  - 최소 구독자: 10,000 OR 채널 총 조회수: 100,000,000
  - 최소 참여율: 2.0%
  - 목표 비디오 수: 500개
  - 배치 크기: 50개씩 수집
================================================================================


[배치 1] 50개 비디오 수집 중...
  더 이상 수집할 비디오가 없습니다 (총 0개 수집)
  이 배치에서 수집된 비디오가 없습니다.

================================================================================
수집 완료: samsung flip launch color in US
  - 총 수집 비디오 수: 0개
  - 필터링 후: 0개
  - Raw 데이터: 0개
  - 최종 반환: 0개
  - 총 API 호출 수: 1
================================================================================

No videos found!

[WARN] 'Samsung Flip Launch Color' returned no data

Waiting 30 seconds before next keyword...

================================================================================
Processing keyword 15/44: 'Samsung Fold Launch Color' (category: HHP)
================================================================================
================================================================================
YouTube Data Collection & Analysis Pipeline
================================================================================
Keyword: Samsung Fold Launch Color
Max videos: 500
Max comments per video: 100
Region: US
Summarize comments: True
Analyze sentiment: False
================================================================================

[Step 1/4] Collecting video data from YouTube API (500 videos with quality filter)...

================================================================================
품질 필터링 모드 활성화:
  - 채널 국가: US (US 채널만)
  - 카테고리: 28 (Science & Technology)
  - 최소 구독자: 10,000 OR 채널 총 조회수: 100,000,000
  - 최소 참여율: 2.0%
  - 목표 비디오 수: 500개
  - 배치 크기: 50개씩 수집
================================================================================


[배치 1] 50개 비디오 수집 중...
  더 이상 수집할 비디오가 없습니다 (총 14개 수집)
  비디오 ID 14개 수집 완료
  비디오 상세 정보 수집 중...
  채널 정보 수집 중...
채널 정보 수집 완료: 13개 채널
  비디오 상세 정보 완료: 14개
  품질 필터 적용 중...
  필터 결과: 0개 통과 / 14개
    - 채널 국가 불일치: 12개
    - 카테고리 불일치: 5개
    - 채널 규모 미달: 2개
    - 참여율 미달: 9개
  누적 필터링된 비디오: 0개 / 목표: 500개
  [경고] 연속 1번째 빈 배치 (새 비디오 없음)

[배치 2] 50개 비디오 수집 중...
  더 이상 수집할 비디오가 없습니다 (총 14개 수집)
  비디오 ID 14개 수집 완료
  비디오 상세 정보 수집 중...
  채널 정보 수집 중...
채널 정보 수집 완료: 13개 채널
  비디오 상세 정보 완료: 14개
  품질 필터 적용 중...
  필터 결과: 0개 통과 / 14개
    - 채널 국가 불일치: 12개
    - 카테고리 불일치: 5개
    - 채널 규모 미달: 2개
    - 참여율 미달: 9개
  누적 필터링된 비디오: 0개 / 목표: 500개
  [경고] 연속 2번째 빈 배치 (새 비디오 없음)

[배치 3] 50개 비디오 수집 중...
  더 이상 수집할 비디오가 없습니다 (총 14개 수집)
  비디오 ID 14개 수집 완료
  비디오 상세 정보 수집 중...
  채널 정보 수집 중...
채널 정보 수집 완료: 13개 채널
  비디오 상세 정보 완료: 14개
  품질 필터 적용 중...
  필터 결과: 0개 통과 / 14개
    - 채널 국가 불일치: 12개
    - 카테고리 불일치: 5개
    - 채널 규모 미달: 2개
    - 참여율 미달: 9개
  누적 필터링된 비디오: 0개 / 목표: 500개
  [경고] 연속 3번째 빈 배치 (새 비디오 없음)

[조기 종료] 3번 연속 새 비디오 없음 - 더 이상 수집 가능한 비디오 없음
수집된 비디오: 0개 (목표: 500개)

================================================================================
수집 완료: samsung fold launch color in US
  - 총 수집 비디오 수: 42개
  - 필터링 후: 0개
  - Raw 데이터: 42개
  - 최종 반환: 0개
  - 총 API 호출 수: 9
================================================================================

No videos found!

[WARN] 'Samsung Fold Launch Color' returned no data

Waiting 30 seconds before next keyword...
