================================================================================
YouTube Batch Data Collection
================================================================================
Started at: 2025-11-10 12:36:41
Dry run: False
================================================================================

Found 1 active keywords:

  1. 'Samsung TV' - 100 videos, 20 comments/video, region: US

================================================================================

================================================================================
Processing keyword 1/1: 'Samsung TV'
================================================================================
================================================================================
YouTube Data Collection & Analysis Pipeline
================================================================================
Keyword: Samsung TV
Max videos: 100
Max comments per video: 20
Region: US
Summarize comments: True
Analyze sentiment: False
================================================================================

[Step 1/4] Collecting video data from YouTube API...
채널 정보 수집 완료: 24개 채널
포괄적 검색 완료: samsung tv in US - 27개 비디오
Collected 27 videos

[Step 2/4] Collecting comments from YouTube API...
댓글 수집: Jfgi3X5jBY0 - 8개 스레드
댓글 수집: RgR0HZcKRpM - 20개 스레드
댓글 수집: AOg-iVmy1j4 - 5개 스레드
댓글 수집: Qvp4hYSbLMg - 1개 스레드
댓글 수집: UkBS6gzxiRI - 19개 스레드
댓글 수집: nImBWUvxU1I - 20개 스레드
댓글 수집: ePrN6aX-g6g - 1개 스레드
댓글 수집: qNn1SLTjA2g - 20개 스레드
댓글 수집: wLQUVIk3eR4 - 20개 스레드
댓글 수집: ToVGr0_f6JI - 2개 스레드
댓글 수집: V8UELS4di2g - 20개 스레드
댓글 수집: OefNxP-ZrEI - 12개 스레드
댓글 수집: CMsgD1XCEFY - 20개 스레드
댓글 수집: wRuexPRu3Sg - 2개 스레드
댓글 수집: PoBj8tlXlCw - 3개 스레드
댓글 수집: VvI0TtwsqX0 - 20개 스레드
댓글 수집: x61xYdWzW98 - 6개 스레드
댓글 수집: -J26aQSSgRs - 0개 스레드
댓글 수집: r6A7tZa3ZR8 - 20개 스레드
댓글 수집: i5glB0aTSP0 - 9개 스레드
댓글 수집: nqL6JKEv3JU - 3개 스레드
댓글 수집: 2S3pM8wJWhw - 15개 스레드
댓글 수집: YHevF1_acHA - 1개 스레드
댓글 수집: MC6EhaCLZMU - 6개 스레드
댓글 수집: DUyropoiUGQ - 20개 스레드
댓글 수집: OVuR0w-p2p8 - 2개 스레드
댓글 수집: GDTlYDeQhRQ - 0개 스레드
전체 댓글 수집 완료: 578개
Collected 578 comments

[Step 3/4] Summarizing comments (per video)...
  Summarizing comments for video: Jfgi3X5jBY0 (13 comments)
  Summarizing comments for video: RgR0HZcKRpM (26 comments)
  Summarizing comments for video: AOg-iVmy1j4 (7 comments)
  Summarizing comments for video: Qvp4hYSbLMg (1 comments)
  Summarizing comments for video: UkBS6gzxiRI (44 comments)
  Summarizing comments for video: nImBWUvxU1I (36 comments)
  Summarizing comments for video: ePrN6aX-g6g (1 comments)
  Summarizing comments for video: qNn1SLTjA2g (30 comments)
  Summarizing comments for video: wLQUVIk3eR4 (44 comments)
  Summarizing comments for video: ToVGr0_f6JI (2 comments)
  >>> Processed 10 videos, waiting 10 seconds...
  Summarizing comments for video: V8UELS4di2g (45 comments)
  Summarizing comments for video: OefNxP-ZrEI (18 comments)
  Summarizing comments for video: CMsgD1XCEFY (46 comments)
  Summarizing comments for video: wRuexPRu3Sg (4 comments)
  Summarizing comments for video: PoBj8tlXlCw (3 comments)
  Summarizing comments for video: VvI0TtwsqX0 (101 comments)
  Summarizing comments for video: x61xYdWzW98 (10 comments)
  Summarizing comments for video: r6A7tZa3ZR8 (52 comments)
  Summarizing comments for video: i5glB0aTSP0 (9 comments)
  Summarizing comments for video: nqL6JKEv3JU (5 comments)
  >>> Processed 20 videos, waiting 10 seconds...
  Summarizing comments for video: 2S3pM8wJWhw (35 comments)
  Summarizing comments for video: YHevF1_acHA (1 comments)
  Summarizing comments for video: MC6EhaCLZMU (15 comments)
  Summarizing comments for video: DUyropoiUGQ (25 comments)
  Summarizing comments for video: OVuR0w-p2p8 (5 comments)
Summarized comments for 25 videos

[Step 4/4] Saving data to database...
Connected to PostgreSQL database: samsung_dx_sentiment
Tables created successfully
Inserted/Updated 27 videos
Inserted/Updated 578 comments
Saved to PostgreSQL:
  - 27 videos
  - 578 comments
Disconnected from database

================================================================================
Pipeline completed successfully!
================================================================================
Total videos processed: 27
Total comments processed: 578
Videos with comment summary: 25
Connected to PostgreSQL database: samsung_dx_sentiment

Database Statistics:
  Total videos in DB: 27
  Total comments in DB: 578
Disconnected from database
  Updated keyword for 27 videos

[OK] 'Samsung TV' completed: 27 videos, 578 comments

================================================================================
Batch Collection Summary
================================================================================
Completed at: 2025-11-10 12:39:36

Keywords processed: 1/1
Total videos collected: 27
Total comments collected: 578

================================================================================
