YouTubeAnalyzer 초기화: 8개 API 키 사용 가능
================================================================================
YouTube Batch Data Collection
================================================================================
Started at: 2025-11-14 08:54:59
Dry run: False
================================================================================

Found 44 active keywords:

  1. 'Samsung Galaxy Launch Storage' - 500 videos, 100 comments/video, region: US, category: HHP
  2. 'Pixel Launch Storage' - 500 videos, 100 comments/video, region: US, category: HHP
  3. 'Google Launch Storage' - 500 videos, 100 comments/video, region: US, category: HHP
  4. 'moto Launch Storage' - 500 videos, 100 comments/video, region: US, category: HHP
  5. 'Lenovo Launch Storage' - 500 videos, 100 comments/video, region: US, category: HHP
  6. 'Samsung Galaxy A Launch Storage' - 500 videos, 100 comments/video, region: US, category: HHP
  7. 'Samsung Galaxy Z Fold Launch Storage' - 500 videos, 100 comments/video, region: US, category: HHP
  8. 'Samsung Neo QLED 8K TV Launch' - 500 videos, 100 comments/video, region: US, category: TV
  9. 'Samsung Galaxy Z Flip Launch Storage' - 500 videos, 100 comments/video, region: US, category: HHP
  10. 'Samsung FHD TV Launch' - 500 videos, 100 comments/video, region: US, category: TV
  11. 'Samsung Galaxy Note Launch Storage' - 500 videos, 100 comments/video, region: US, category: HHP
  12. 'QNED TV Launch' - 500 videos, 100 comments/video, region: US, category: TV
  13. 'Evo TV Launch' - 500 videos, 100 comments/video, region: US, category: TV
  14. 'Samsung Flip Launch Color' - 500 videos, 100 comments/video, region: US, category: HHP
  15. 'Samsung Fold Launch Color' - 500 videos, 100 comments/video, region: US, category: HHP
  16. 'Samsung Galaxy Note Launch Color' - 500 videos, 100 comments/video, region: US, category: HHP
  17. 'Samsung QLED TV Launch' - 500 videos, 100 comments/video, region: US, category: TV
  18. 'Samsung Galaxy Z Flip Launch Color' - 500 videos, 100 comments/video, region: US, category: HHP
  19. 'Samsung Galaxy Z Fold Launch Color' - 500 videos, 100 comments/video, region: US, category: HHP
  20. 'Lenovo Launch Color' - 500 videos, 100 comments/video, region: US, category: HHP
  21. 'moto Launch Color' - 500 videos, 100 comments/video, region: US, category: HHP
  22. 'Google Launch Color' - 500 videos, 100 comments/video, region: US, category: HHP
  23. 'Samsung Galaxy S Launch Storage' - 500 videos, 100 comments/video, region: US, category: HHP
  24. 'Samsung Fold Launch Storage' - 500 videos, 100 comments/video, region: US, category: HHP
  25. 'Samsung Flip Launch Storage' - 500 videos, 100 comments/video, region: US, category: HHP
  26. 'Samsung OLED TV Launch' - 500 videos, 100 comments/video, region: US, category: TV
  27. 'Samsung 4K TV Launch' - 500 videos, 100 comments/video, region: US, category: TV
  28. 'Samsung 8K TV Launch' - 500 videos, 100 comments/video, region: US, category: TV
  29. 'Samsung Smart TV Launch' - 500 videos, 100 comments/video, region: US, category: TV
  30. 'Samsung UHD TV Launch' - 500 videos, 100 comments/video, region: US, category: TV
  31. 'Samsung Neo QLED TV Launch' - 500 videos, 100 comments/video, region: US, category: TV
  32. 'Samsung HD TV Launch' - 500 videos, 100 comments/video, region: US, category: TV
  33. 'LG TV Launch' - 500 videos, 100 comments/video, region: US, category: TV
  34. 'TCL TV Launch' - 500 videos, 100 comments/video, region: US, category: TV
  35. 'LED TV Launch' - 500 videos, 100 comments/video, region: US, category: TV
  36. 'Mini LED TV Launch' - 500 videos, 100 comments/video, region: US, category: TV
  37. 'Samsung Galaxy Launch Color' - 500 videos, 100 comments/video, region: US, category: HHP
  38. 'Samsung Galaxy S Launch Color' - 500 videos, 100 comments/video, region: US, category: HHP
  39. 'Samsung Galaxy A Launch Color' - 500 videos, 100 comments/video, region: US, category: HHP
  40. 'Apple Launch Color' - 500 videos, 100 comments/video, region: US, category: HHP
  41. 'iPhone Launch Color' - 500 videos, 100 comments/video, region: US, category: HHP
  42. 'Pixel Launch Color' - 500 videos, 100 comments/video, region: US, category: HHP
  43. 'Apple Launch Storage' - 500 videos, 100 comments/video, region: US, category: HHP
  44. 'iPhone Launch Storage' - 500 videos, 100 comments/video, region: US, category: HHP

================================================================================

================================================================================
Processing keyword 1/44: 'Samsung Galaxy Launch Storage' (category: HHP)
================================================================================
================================================================================
YouTube Data Collection & Analysis Pipeline
================================================================================
Keyword: Samsung Galaxy Launch Storage
Max videos: 500
Max comments per video: 100
Region: US
Summarize comments: True
Analyze sentiment: False
================================================================================

[Step 1/4] Collecting video data from YouTube API (500 videos with quality filter)...

================================================================================
품질 필터링 모드 활성화:
  - 채널 국가: US (US 채널만)
  - 카테고리: 28 (Science & Technology)
  - 최소 구독자: 10,000 OR 채널 총 조회수: 100,000,000
  - 최소 참여율: 2.0%
  - 목표 비디오 수: 500개
  - 배치 크기: 50개씩 수집
================================================================================


[배치 1] 50개 비디오 수집 중...
  비디오 ID 50개 수집 완료
  비디오 상세 정보 수집 중...
  채널 정보 수집 중...
채널 정보 수집 완료: 35개 채널
  비디오 상세 정보 완료: 50개
  품질 필터 적용 중...
  필터 결과: 0개 통과 / 50개
    - 채널 국가 불일치: 48개
    - 카테고리 불일치: 8개
    - 채널 규모 미달: 2개
    - 참여율 미달: 12개
  누적 필터링된 비디오: 0개 / 목표: 500개
  새로운 raw 비디오: 0개 (중복 제외)
  [경고] 연속 1번째 빈 배치 (모두 중복 비디오)

[배치 2] 50개 비디오 수집 중...
  비디오 ID 50개 수집 완료
  비디오 상세 정보 수집 중...
  채널 정보 수집 중...
채널 정보 수집 완료: 41개 채널
  비디오 상세 정보 완료: 50개
  품질 필터 적용 중...
  필터 결과: 0개 통과 / 50개
    - 채널 국가 불일치: 50개
    - 카테고리 불일치: 9개
    - 채널 규모 미달: 6개
    - 참여율 미달: 29개
  누적 필터링된 비디오: 0개 / 목표: 500개
  새로운 raw 비디오: 0개 (중복 제외)
  [경고] 연속 2번째 빈 배치 (모두 중복 비디오)

[배치 3] 50개 비디오 수집 중...
  더 이상 수집할 비디오가 없습니다 (총 9개 수집)
  비디오 ID 9개 수집 완료
  비디오 상세 정보 수집 중...
  채널 정보 수집 중...
채널 정보 수집 완료: 9개 채널
  비디오 상세 정보 완료: 9개
  품질 필터 적용 중...
  필터 결과: 0개 통과 / 9개
    - 채널 국가 불일치: 8개
    - 카테고리 불일치: 5개
    - 채널 규모 미달: 7개
    - 참여율 미달: 8개
  누적 필터링된 비디오: 0개 / 목표: 500개
  새로운 raw 비디오: 0개 (중복 제외)
  [경고] 연속 3번째 빈 배치 (모두 중복 비디오)

[조기 종료] 3번 연속 중복 비디오만 수집 - 더 이상 새로운 비디오 없음
수집된 비디오: 0개 (목표: 500개)

================================================================================
수집 완료: samsung galaxy launch storage in US
  - 총 수집 비디오 수: 109개
  - 필터링 후: 0개
  - Raw 데이터: 109개
  - 최종 반환: 0개
  - 총 API 호출 수: 9
================================================================================

No videos found!

[WARN] 'Samsung Galaxy Launch Storage' returned no data

Waiting 30 seconds before next keyword...

================================================================================
Processing keyword 2/44: 'Pixel Launch Storage' (category: HHP)
================================================================================
================================================================================
YouTube Data Collection & Analysis Pipeline
================================================================================
Keyword: Pixel Launch Storage
Max videos: 500
Max comments per video: 100
Region: US
Summarize comments: True
Analyze sentiment: False
================================================================================

[Step 1/4] Collecting video data from YouTube API (500 videos with quality filter)...

================================================================================
품질 필터링 모드 활성화:
  - 채널 국가: US (US 채널만)
  - 카테고리: 28 (Science & Technology)
  - 최소 구독자: 10,000 OR 채널 총 조회수: 100,000,000
  - 최소 참여율: 2.0%
  - 목표 비디오 수: 500개
  - 배치 크기: 50개씩 수집
================================================================================


[배치 1] 50개 비디오 수집 중...
  더 이상 수집할 비디오가 없습니다 (총 11개 수집)
  비디오 ID 11개 수집 완료
  비디오 상세 정보 수집 중...
  채널 정보 수집 중...
채널 정보 수집 완료: 10개 채널
  비디오 상세 정보 완료: 11개
  품질 필터 적용 중...
  필터 결과: 0개 통과 / 11개
    - 채널 국가 불일치: 10개
    - 카테고리 불일치: 2개
    - 채널 규모 미달: 2개
    - 참여율 미달: 5개
  누적 필터링된 비디오: 0개 / 목표: 500개
  새로운 raw 비디오: 0개 (중복 제외)
  [경고] 연속 1번째 빈 배치 (모두 중복 비디오)

[배치 2] 50개 비디오 수집 중...
  더 이상 수집할 비디오가 없습니다 (총 13개 수집)
  비디오 ID 13개 수집 완료
  비디오 상세 정보 수집 중...
  채널 정보 수집 중...
채널 정보 수집 완료: 11개 채널
  비디오 상세 정보 완료: 13개
  품질 필터 적용 중...
  필터 결과: 0개 통과 / 13개
    - 채널 국가 불일치: 12개
    - 카테고리 불일치: 3개
    - 채널 규모 미달: 3개
    - 참여율 미달: 6개
  누적 필터링된 비디오: 0개 / 목표: 500개
  새로운 raw 비디오: 0개 (중복 제외)
  [경고] 연속 2번째 빈 배치 (모두 중복 비디오)

[배치 3] 50개 비디오 수집 중...
  더 이상 수집할 비디오가 없습니다 (총 11개 수집)
  비디오 ID 11개 수집 완료
  비디오 상세 정보 수집 중...
  채널 정보 수집 중...
채널 정보 수집 완료: 10개 채널
  비디오 상세 정보 완료: 11개
  품질 필터 적용 중...
  필터 결과: 0개 통과 / 11개
    - 채널 국가 불일치: 10개
    - 카테고리 불일치: 2개
    - 채널 규모 미달: 2개
    - 참여율 미달: 5개
  누적 필터링된 비디오: 0개 / 목표: 500개
  새로운 raw 비디오: 0개 (중복 제외)
  [경고] 연속 3번째 빈 배치 (모두 중복 비디오)

[조기 종료] 3번 연속 중복 비디오만 수집 - 더 이상 새로운 비디오 없음
수집된 비디오: 0개 (목표: 500개)

================================================================================
수집 완료: pixel launch storage in US
  - 총 수집 비디오 수: 13개
  - 필터링 후: 0개
  - Raw 데이터: 35개
  - 최종 반환: 0개
  - 총 API 호출 수: 9
================================================================================

No videos found!

[WARN] 'Pixel Launch Storage' returned no data

Waiting 30 seconds before next keyword...
