YouTubeAnalyzer 초기화: 8개 API 키 사용 가능
================================================================================
YouTube Batch Data Collection
================================================================================
Started at: 2025-11-12 19:56:33
Dry run: False
================================================================================

Found 44 active keywords:

  1. 'Samsung QLED TV Launch' - 500 videos, 100 comments/video, region: US, category: TV
  2. 'Samsung OLED TV Launch' - 500 videos, 100 comments/video, region: US, category: TV
  3. 'Samsung Galaxy Z Flip Launch Color' - 500 videos, 100 comments/video, region: US, category: HHP
  4. 'Samsung Galaxy Z Fold Launch Color' - 500 videos, 100 comments/video, region: US, category: HHP
  5. 'Lenovo Launch Color' - 500 videos, 100 comments/video, region: US, category: HHP
  6. 'moto Launch Color' - 500 videos, 100 comments/video, region: US, category: HHP
  7. 'Google Launch Color' - 500 videos, 100 comments/video, region: US, category: HHP
  8. 'Samsung Galaxy Launch Storage' - 500 videos, 100 comments/video, region: US, category: HHP
  9. 'Samsung Flip Launch Storage' - 500 videos, 100 comments/video, region: US, category: HHP
  10. 'Samsung Fold Launch Storage' - 500 videos, 100 comments/video, region: US, category: HHP
  11. 'Samsung Galaxy S Launch Storage' - 500 videos, 100 comments/video, region: US, category: HHP
  12. 'Samsung Galaxy Note Launch Storage' - 500 videos, 100 comments/video, region: US, category: HHP
  13. 'Samsung Galaxy Z Flip Launch Storage' - 500 videos, 100 comments/video, region: US, category: HHP
  14. 'Samsung Galaxy Z Fold Launch Storage' - 500 videos, 100 comments/video, region: US, category: HHP
  15. 'Samsung Galaxy A Launch Storage' - 500 videos, 100 comments/video, region: US, category: HHP
  16. 'Lenovo Launch Storage' - 500 videos, 100 comments/video, region: US, category: HHP
  17. 'moto Launch Storage' - 500 videos, 100 comments/video, region: US, category: HHP
  18. 'Google Launch Storage' - 500 videos, 100 comments/video, region: US, category: HHP
  19. 'Pixel Launch Storage' - 500 videos, 100 comments/video, region: US, category: HHP
  20. 'Samsung Neo QLED 8K TV Launch' - 500 videos, 100 comments/video, region: US, category: TV
  21. 'Samsung FHD TV Launch' - 500 videos, 100 comments/video, region: US, category: TV
  22. 'QNED TV Launch' - 500 videos, 100 comments/video, region: US, category: TV
  23. 'Evo TV Launch' - 500 videos, 100 comments/video, region: US, category: TV
  24. 'Samsung Flip Launch Color' - 500 videos, 100 comments/video, region: US, category: HHP
  25. 'Samsung Fold Launch Color' - 500 videos, 100 comments/video, region: US, category: HHP
  26. 'Samsung Galaxy Note Launch Color' - 500 videos, 100 comments/video, region: US, category: HHP
  27. 'Samsung 4K TV Launch' - 500 videos, 100 comments/video, region: US, category: TV
  28. 'Samsung 8K TV Launch' - 500 videos, 100 comments/video, region: US, category: TV
  29. 'Samsung Smart TV Launch' - 500 videos, 100 comments/video, region: US, category: TV
  30. 'Samsung UHD TV Launch' - 500 videos, 100 comments/video, region: US, category: TV
  31. 'Samsung Neo QLED TV Launch' - 500 videos, 100 comments/video, region: US, category: TV
  32. 'Samsung HD TV Launch' - 500 videos, 100 comments/video, region: US, category: TV
  33. 'LG TV Launch' - 500 videos, 100 comments/video, region: US, category: TV
  34. 'TCL TV Launch' - 500 videos, 100 comments/video, region: US, category: TV
  35. 'LED TV Launch' - 500 videos, 100 comments/video, region: US, category: TV
  36. 'Mini LED TV Launch' - 500 videos, 100 comments/video, region: US, category: TV
  37. 'Samsung Galaxy Launch Color' - 500 videos, 100 comments/video, region: US, category: HHP
  38. 'Samsung Galaxy S Launch Color' - 500 videos, 100 comments/video, region: US, category: HHP
  39. 'Samsung Galaxy A Launch Color' - 500 videos, 100 comments/video, region: US, category: HHP
  40. 'Apple Launch Color' - 500 videos, 100 comments/video, region: US, category: HHP
  41. 'iPhone Launch Color' - 500 videos, 100 comments/video, region: US, category: HHP
  42. 'Pixel Launch Color' - 500 videos, 100 comments/video, region: US, category: HHP
  43. 'Apple Launch Storage' - 500 videos, 100 comments/video, region: US, category: HHP
  44. 'iPhone Launch Storage' - 500 videos, 100 comments/video, region: US, category: HHP

================================================================================

================================================================================
Processing keyword 1/44: 'Samsung QLED TV Launch' (category: TV)
================================================================================
================================================================================
YouTube Data Collection & Analysis Pipeline
================================================================================
Keyword: Samsung QLED TV Launch
Max videos: 500
Max comments per video: 100
Region: US
Summarize comments: True
Analyze sentiment: False
================================================================================

[Step 1/4] Collecting video data from YouTube API (500 videos with quality filter)...

================================================================================
품질 필터링 모드 활성화:
  - 채널 국가: US (US 채널만)
  - 카테고리: 28 (Science & Technology)
  - 최소 구독자: 10,000 OR 채널 총 조회수: 100,000,000
  - 최소 참여율: 2.0%
  - 목표 비디오 수: 500개
  - 배치 크기: 50개씩 수집
================================================================================


[배치 1] 50개 비디오 수집 중...

[QUOTA EXCEEDED] API 할당량 초과 감지

[KEY ROTATION] API 키 #2로 전환됨 (잔여 키: 6개)
[RETRY] 새 API 키로 재시도...

[QUOTA EXCEEDED] API 할당량 초과 감지

[KEY ROTATION] API 키 #3로 전환됨 (잔여 키: 5개)
[RETRY] 새 API 키로 재시도...

[QUOTA EXCEEDED] API 할당량 초과 감지

[KEY ROTATION] API 키 #4로 전환됨 (잔여 키: 4개)
[RETRY] 새 API 키로 재시도...
  비디오 ID 50개 수집 완료
  비디오 상세 정보 수집 중...
  채널 정보 수집 중...
채널 정보 수집 완료: 29개 채널
  비디오 상세 정보 완료: 50개
  품질 필터 적용 중...
  필터 결과: 0개 통과 / 50개
    - 채널 국가 불일치: 50개
    - 카테고리 불일치: 7개
    - 채널 규모 미달: 3개
    - 참여율 미달: 29개
  누적 필터링된 비디오: 0개 / 목표: 500개
  [경고] 연속 1번째 빈 배치 (새 비디오 없음)

[배치 2] 50개 비디오 수집 중...
  비디오 ID 50개 수집 완료
  비디오 상세 정보 수집 중...
  채널 정보 수집 중...
채널 정보 수집 완료: 33개 채널
  비디오 상세 정보 완료: 50개
  품질 필터 적용 중...
  필터 결과: 0개 통과 / 50개
    - 채널 국가 불일치: 49개
    - 카테고리 불일치: 12개
    - 채널 규모 미달: 2개
    - 참여율 미달: 40개
  누적 필터링된 비디오: 0개 / 목표: 500개
  [경고] 연속 2번째 빈 배치 (새 비디오 없음)

[배치 3] 50개 비디오 수집 중...
  비디오 ID 50개 수집 완료
  비디오 상세 정보 수집 중...
  채널 정보 수집 중...
채널 정보 수집 완료: 35개 채널
  비디오 상세 정보 완료: 50개
  품질 필터 적용 중...
  필터 결과: 0개 통과 / 50개
    - 채널 국가 불일치: 50개
    - 카테고리 불일치: 10개
    - 채널 규모 미달: 4개
    - 참여율 미달: 37개
  누적 필터링된 비디오: 0개 / 목표: 500개
  [경고] 연속 3번째 빈 배치 (새 비디오 없음)

[조기 종료] 3번 연속 새 비디오 없음 - 더 이상 수집 가능한 비디오 없음
수집된 비디오: 0개 (목표: 500개)

================================================================================
수집 완료: samsung qled tv launch in US
  - 총 수집 비디오 수: 150개
  - 필터링 후: 0개
  - Raw 데이터: 150개
  - 최종 반환: 0개
  - 총 API 호출 수: 9
================================================================================

No videos found!

[WARN] 'Samsung QLED TV Launch' returned no data

Waiting 30 seconds before next keyword...

================================================================================
Processing keyword 2/44: 'Samsung OLED TV Launch' (category: TV)
================================================================================
================================================================================
YouTube Data Collection & Analysis Pipeline
================================================================================
Keyword: Samsung OLED TV Launch
Max videos: 500
Max comments per video: 100
Region: US
Summarize comments: True
Analyze sentiment: False
================================================================================

[Step 1/4] Collecting video data from YouTube API (500 videos with quality filter)...

================================================================================
품질 필터링 모드 활성화:
  - 채널 국가: US (US 채널만)
  - 카테고리: 28 (Science & Technology)
  - 최소 구독자: 10,000 OR 채널 총 조회수: 100,000,000
  - 최소 참여율: 2.0%
  - 목표 비디오 수: 500개
  - 배치 크기: 50개씩 수집
================================================================================


[배치 1] 50개 비디오 수집 중...
  비디오 ID 50개 수집 완료
  비디오 상세 정보 수집 중...
  채널 정보 수집 중...
채널 정보 수집 완료: 31개 채널
  비디오 상세 정보 완료: 50개
  품질 필터 적용 중...
  필터 결과: 0개 통과 / 50개
    - 채널 국가 불일치: 49개
    - 카테고리 불일치: 12개
    - 채널 규모 미달: 3개
    - 참여율 미달: 34개
  누적 필터링된 비디오: 0개 / 목표: 500개
  [경고] 연속 1번째 빈 배치 (새 비디오 없음)

[배치 2] 50개 비디오 수집 중...
  비디오 ID 50개 수집 완료
  비디오 상세 정보 수집 중...
  채널 정보 수집 중...
채널 정보 수집 완료: 34개 채널
  비디오 상세 정보 완료: 50개
  품질 필터 적용 중...
  필터 결과: 0개 통과 / 50개
    - 채널 국가 불일치: 48개
    - 카테고리 불일치: 10개
    - 채널 규모 미달: 2개
    - 참여율 미달: 39개
  누적 필터링된 비디오: 0개 / 목표: 500개
  [경고] 연속 2번째 빈 배치 (새 비디오 없음)

[배치 3] 50개 비디오 수집 중...
  더 이상 수집할 비디오가 없습니다 (총 0개 수집)
  이 배치에서 수집된 비디오가 없습니다.

================================================================================
수집 완료: samsung oled tv launch in US
  - 총 수집 비디오 수: 100개
  - 필터링 후: 0개
  - Raw 데이터: 100개
  - 최종 반환: 0개
  - 총 API 호출 수: 7
================================================================================

No videos found!

[WARN] 'Samsung OLED TV Launch' returned no data

Waiting 30 seconds before next keyword...

================================================================================
Processing keyword 3/44: 'Samsung Galaxy Z Flip Launch Color' (category: HHP)
================================================================================
================================================================================
YouTube Data Collection & Analysis Pipeline
================================================================================
Keyword: Samsung Galaxy Z Flip Launch Color
Max videos: 500
Max comments per video: 100
Region: US
Summarize comments: True
Analyze sentiment: False
================================================================================

[Step 1/4] Collecting video data from YouTube API (500 videos with quality filter)...

================================================================================
품질 필터링 모드 활성화:
  - 채널 국가: US (US 채널만)
  - 카테고리: 28 (Science & Technology)
  - 최소 구독자: 10,000 OR 채널 총 조회수: 100,000,000
  - 최소 참여율: 2.0%
  - 목표 비디오 수: 500개
  - 배치 크기: 50개씩 수집
================================================================================


[배치 1] 50개 비디오 수집 중...
  더 이상 수집할 비디오가 없습니다 (총 11개 수집)
  비디오 ID 11개 수집 완료
  비디오 상세 정보 수집 중...
  채널 정보 수집 중...
채널 정보 수집 완료: 10개 채널
  비디오 상세 정보 완료: 11개
  품질 필터 적용 중...
  필터 결과: 0개 통과 / 11개
    - 채널 국가 불일치: 8개
    - 카테고리 불일치: 3개
    - 채널 규모 미달: 5개
    - 참여율 미달: 9개
  누적 필터링된 비디오: 0개 / 목표: 500개
  [경고] 연속 1번째 빈 배치 (새 비디오 없음)

[배치 2] 50개 비디오 수집 중...
  더 이상 수집할 비디오가 없습니다 (총 11개 수집)
  비디오 ID 11개 수집 완료
  비디오 상세 정보 수집 중...
  채널 정보 수집 중...
채널 정보 수집 완료: 10개 채널
  비디오 상세 정보 완료: 11개
  품질 필터 적용 중...
  필터 결과: 0개 통과 / 11개
    - 채널 국가 불일치: 8개
    - 카테고리 불일치: 3개
    - 채널 규모 미달: 5개
    - 참여율 미달: 9개
  누적 필터링된 비디오: 0개 / 목표: 500개
  [경고] 연속 2번째 빈 배치 (새 비디오 없음)

[배치 3] 50개 비디오 수집 중...
  더 이상 수집할 비디오가 없습니다 (총 11개 수집)
  비디오 ID 11개 수집 완료
  비디오 상세 정보 수집 중...
  채널 정보 수집 중...
채널 정보 수집 완료: 10개 채널
  비디오 상세 정보 완료: 11개
  품질 필터 적용 중...
  필터 결과: 0개 통과 / 11개
    - 채널 국가 불일치: 8개
    - 카테고리 불일치: 3개
    - 채널 규모 미달: 5개
    - 참여율 미달: 9개
  누적 필터링된 비디오: 0개 / 목표: 500개
  [경고] 연속 3번째 빈 배치 (새 비디오 없음)

[조기 종료] 3번 연속 새 비디오 없음 - 더 이상 수집 가능한 비디오 없음
수집된 비디오: 0개 (목표: 500개)

================================================================================
수집 완료: samsung galaxy z flip launch color in US
  - 총 수집 비디오 수: 33개
  - 필터링 후: 0개
  - Raw 데이터: 33개
  - 최종 반환: 0개
  - 총 API 호출 수: 9
================================================================================

No videos found!

[WARN] 'Samsung Galaxy Z Flip Launch Color' returned no data

Waiting 30 seconds before next keyword...

================================================================================
Processing keyword 4/44: 'Samsung Galaxy Z Fold Launch Color' (category: HHP)
================================================================================
================================================================================
YouTube Data Collection & Analysis Pipeline
================================================================================
Keyword: Samsung Galaxy Z Fold Launch Color
Max videos: 500
Max comments per video: 100
Region: US
Summarize comments: True
Analyze sentiment: False
================================================================================

[Step 1/4] Collecting video data from YouTube API (500 videos with quality filter)...

================================================================================
품질 필터링 모드 활성화:
  - 채널 국가: US (US 채널만)
  - 카테고리: 28 (Science & Technology)
  - 최소 구독자: 10,000 OR 채널 총 조회수: 100,000,000
  - 최소 참여율: 2.0%
  - 목표 비디오 수: 500개
  - 배치 크기: 50개씩 수집
================================================================================


[배치 1] 50개 비디오 수집 중...
  더 이상 수집할 비디오가 없습니다 (총 28개 수집)
  비디오 ID 28개 수집 완료
  비디오 상세 정보 수집 중...
  채널 정보 수집 중...
채널 정보 수집 완료: 23개 채널
  비디오 상세 정보 완료: 28개
  품질 필터 적용 중...
  필터 결과: 0개 통과 / 28개
    - 채널 국가 불일치: 22개
    - 카테고리 불일치: 8개
    - 채널 규모 미달: 3개
    - 참여율 미달: 20개
  누적 필터링된 비디오: 0개 / 목표: 500개
  [경고] 연속 1번째 빈 배치 (새 비디오 없음)

[배치 2] 50개 비디오 수집 중...
  더 이상 수집할 비디오가 없습니다 (총 28개 수집)
  비디오 ID 28개 수집 완료
  비디오 상세 정보 수집 중...
  채널 정보 수집 중...
채널 정보 수집 완료: 23개 채널
  비디오 상세 정보 완료: 28개
  품질 필터 적용 중...
  필터 결과: 0개 통과 / 28개
    - 채널 국가 불일치: 22개
    - 카테고리 불일치: 8개
    - 채널 규모 미달: 3개
    - 참여율 미달: 20개
  누적 필터링된 비디오: 0개 / 목표: 500개
  [경고] 연속 2번째 빈 배치 (새 비디오 없음)

[배치 3] 50개 비디오 수집 중...
  더 이상 수집할 비디오가 없습니다 (총 28개 수집)
  비디오 ID 28개 수집 완료
  비디오 상세 정보 수집 중...
  채널 정보 수집 중...
채널 정보 수집 완료: 23개 채널
  비디오 상세 정보 완료: 28개
  품질 필터 적용 중...
  필터 결과: 0개 통과 / 28개
    - 채널 국가 불일치: 22개
    - 카테고리 불일치: 8개
    - 채널 규모 미달: 3개
    - 참여율 미달: 20개
  누적 필터링된 비디오: 0개 / 목표: 500개
  [경고] 연속 3번째 빈 배치 (새 비디오 없음)

[조기 종료] 3번 연속 새 비디오 없음 - 더 이상 수집 가능한 비디오 없음
수집된 비디오: 0개 (목표: 500개)

================================================================================
수집 완료: samsung galaxy z fold launch color in US
  - 총 수집 비디오 수: 84개
  - 필터링 후: 0개
  - Raw 데이터: 84개
  - 최종 반환: 0개
  - 총 API 호출 수: 9
================================================================================

No videos found!

[WARN] 'Samsung Galaxy Z Fold Launch Color' returned no data

Waiting 30 seconds before next keyword...

================================================================================
Processing keyword 5/44: 'Lenovo Launch Color' (category: HHP)
================================================================================
================================================================================
YouTube Data Collection & Analysis Pipeline
================================================================================
Keyword: Lenovo Launch Color
Max videos: 500
Max comments per video: 100
Region: US
Summarize comments: True
Analyze sentiment: False
================================================================================

[Step 1/4] Collecting video data from YouTube API (500 videos with quality filter)...

================================================================================
품질 필터링 모드 활성화:
  - 채널 국가: US (US 채널만)
  - 카테고리: 28 (Science & Technology)
  - 최소 구독자: 10,000 OR 채널 총 조회수: 100,000,000
  - 최소 참여율: 2.0%
  - 목표 비디오 수: 500개
  - 배치 크기: 50개씩 수집
================================================================================


[배치 1] 50개 비디오 수집 중...
  더 이상 수집할 비디오가 없습니다 (총 2개 수집)
  비디오 ID 2개 수집 완료
  비디오 상세 정보 수집 중...
  채널 정보 수집 중...
채널 정보 수집 완료: 1개 채널
  비디오 상세 정보 완료: 2개
  품질 필터 적용 중...
  필터 결과: 0개 통과 / 2개
    - 채널 국가 불일치: 2개
    - 카테고리 불일치: 0개
    - 채널 규모 미달: 0개
    - 참여율 미달: 0개
  누적 필터링된 비디오: 0개 / 목표: 500개
  [경고] 연속 1번째 빈 배치 (새 비디오 없음)

[배치 2] 50개 비디오 수집 중...
  더 이상 수집할 비디오가 없습니다 (총 2개 수집)
  비디오 ID 2개 수집 완료
  비디오 상세 정보 수집 중...
  채널 정보 수집 중...
채널 정보 수집 완료: 1개 채널
  비디오 상세 정보 완료: 2개
  품질 필터 적용 중...
  필터 결과: 0개 통과 / 2개
    - 채널 국가 불일치: 2개
    - 카테고리 불일치: 0개
    - 채널 규모 미달: 0개
    - 참여율 미달: 0개
  누적 필터링된 비디오: 0개 / 목표: 500개
  [경고] 연속 2번째 빈 배치 (새 비디오 없음)

[배치 3] 50개 비디오 수집 중...
  더 이상 수집할 비디오가 없습니다 (총 2개 수집)
  비디오 ID 2개 수집 완료
  비디오 상세 정보 수집 중...
  채널 정보 수집 중...
채널 정보 수집 완료: 1개 채널
  비디오 상세 정보 완료: 2개
  품질 필터 적용 중...
  필터 결과: 0개 통과 / 2개
    - 채널 국가 불일치: 2개
    - 카테고리 불일치: 0개
    - 채널 규모 미달: 0개
    - 참여율 미달: 0개
  누적 필터링된 비디오: 0개 / 목표: 500개
  [경고] 연속 3번째 빈 배치 (새 비디오 없음)

[조기 종료] 3번 연속 새 비디오 없음 - 더 이상 수집 가능한 비디오 없음
수집된 비디오: 0개 (목표: 500개)

================================================================================
수집 완료: lenovo launch color in US
  - 총 수집 비디오 수: 6개
  - 필터링 후: 0개
  - Raw 데이터: 6개
  - 최종 반환: 0개
  - 총 API 호출 수: 9
================================================================================

No videos found!

[WARN] 'Lenovo Launch Color' returned no data

Waiting 30 seconds before next keyword...

================================================================================
Processing keyword 6/44: 'moto Launch Color' (category: HHP)
================================================================================
================================================================================
YouTube Data Collection & Analysis Pipeline
================================================================================
Keyword: moto Launch Color
Max videos: 500
Max comments per video: 100
Region: US
Summarize comments: True
Analyze sentiment: False
================================================================================

[Step 1/4] Collecting video data from YouTube API (500 videos with quality filter)...

================================================================================
품질 필터링 모드 활성화:
  - 채널 국가: US (US 채널만)
  - 카테고리: 28 (Science & Technology)
  - 최소 구독자: 10,000 OR 채널 총 조회수: 100,000,000
  - 최소 참여율: 2.0%
  - 목표 비디오 수: 500개
  - 배치 크기: 50개씩 수집
================================================================================


[배치 1] 50개 비디오 수집 중...
  더 이상 수집할 비디오가 없습니다 (총 48개 수집)
  비디오 ID 48개 수집 완료
  비디오 상세 정보 수집 중...
  채널 정보 수집 중...
채널 정보 수집 완료: 43개 채널
  비디오 상세 정보 완료: 48개
  품질 필터 적용 중...
  필터 결과: 0개 통과 / 48개
    - 채널 국가 불일치: 47개
    - 카테고리 불일치: 21개
    - 채널 규모 미달: 17개
    - 참여율 미달: 33개
  누적 필터링된 비디오: 0개 / 목표: 500개
  [경고] 연속 1번째 빈 배치 (새 비디오 없음)

[배치 2] 50개 비디오 수집 중...
  더 이상 수집할 비디오가 없습니다 (총 48개 수집)
  비디오 ID 48개 수집 완료
  비디오 상세 정보 수집 중...
  채널 정보 수집 중...
채널 정보 수집 완료: 43개 채널
  비디오 상세 정보 완료: 48개
  품질 필터 적용 중...
  필터 결과: 0개 통과 / 48개
    - 채널 국가 불일치: 47개
    - 카테고리 불일치: 21개
    - 채널 규모 미달: 17개
    - 참여율 미달: 33개
  누적 필터링된 비디오: 0개 / 목표: 500개
  [경고] 연속 2번째 빈 배치 (새 비디오 없음)

[배치 3] 50개 비디오 수집 중...
  더 이상 수집할 비디오가 없습니다 (총 48개 수집)
  비디오 ID 48개 수집 완료
  비디오 상세 정보 수집 중...
  채널 정보 수집 중...
채널 정보 수집 완료: 43개 채널
  비디오 상세 정보 완료: 48개
  품질 필터 적용 중...
  필터 결과: 0개 통과 / 48개
    - 채널 국가 불일치: 47개
    - 카테고리 불일치: 21개
    - 채널 규모 미달: 17개
    - 참여율 미달: 33개
  누적 필터링된 비디오: 0개 / 목표: 500개
  [경고] 연속 3번째 빈 배치 (새 비디오 없음)

[조기 종료] 3번 연속 새 비디오 없음 - 더 이상 수집 가능한 비디오 없음
수집된 비디오: 0개 (목표: 500개)

================================================================================
수집 완료: moto launch color in US
  - 총 수집 비디오 수: 144개
  - 필터링 후: 0개
  - Raw 데이터: 144개
  - 최종 반환: 0개
  - 총 API 호출 수: 9
================================================================================

No videos found!

[WARN] 'moto Launch Color' returned no data

Waiting 30 seconds before next keyword...

================================================================================
Processing keyword 7/44: 'Google Launch Color' (category: HHP)
================================================================================
================================================================================
YouTube Data Collection & Analysis Pipeline
================================================================================
Keyword: Google Launch Color
Max videos: 500
Max comments per video: 100
Region: US
Summarize comments: True
Analyze sentiment: False
================================================================================

[Step 1/4] Collecting video data from YouTube API (500 videos with quality filter)...

================================================================================
품질 필터링 모드 활성화:
  - 채널 국가: US (US 채널만)
  - 카테고리: 28 (Science & Technology)
  - 최소 구독자: 10,000 OR 채널 총 조회수: 100,000,000
  - 최소 참여율: 2.0%
  - 목표 비디오 수: 500개
  - 배치 크기: 50개씩 수집
================================================================================


[배치 1] 50개 비디오 수집 중...
  더 이상 수집할 비디오가 없습니다 (총 16개 수집)
  비디오 ID 16개 수집 완료
  비디오 상세 정보 수집 중...
  채널 정보 수집 중...
채널 정보 수집 완료: 14개 채널
  비디오 상세 정보 완료: 16개
  품질 필터 적용 중...
  필터 결과: 0개 통과 / 16개
    - 채널 국가 불일치: 13개
    - 카테고리 불일치: 4개
    - 채널 규모 미달: 5개
    - 참여율 미달: 9개
  누적 필터링된 비디오: 0개 / 목표: 500개
  [경고] 연속 1번째 빈 배치 (새 비디오 없음)

[배치 2] 50개 비디오 수집 중...
  더 이상 수집할 비디오가 없습니다 (총 16개 수집)
  비디오 ID 16개 수집 완료
  비디오 상세 정보 수집 중...
  채널 정보 수집 중...
채널 정보 수집 완료: 14개 채널
  비디오 상세 정보 완료: 16개
  품질 필터 적용 중...
  필터 결과: 0개 통과 / 16개
    - 채널 국가 불일치: 13개
    - 카테고리 불일치: 4개
    - 채널 규모 미달: 5개
    - 참여율 미달: 9개
  누적 필터링된 비디오: 0개 / 목표: 500개
  [경고] 연속 2번째 빈 배치 (새 비디오 없음)

[배치 3] 50개 비디오 수집 중...
  더 이상 수집할 비디오가 없습니다 (총 16개 수집)
  비디오 ID 16개 수집 완료
  비디오 상세 정보 수집 중...
  채널 정보 수집 중...
채널 정보 수집 완료: 14개 채널
  비디오 상세 정보 완료: 16개
  품질 필터 적용 중...
  필터 결과: 0개 통과 / 16개
    - 채널 국가 불일치: 13개
    - 카테고리 불일치: 4개
    - 채널 규모 미달: 5개
    - 참여율 미달: 9개
  누적 필터링된 비디오: 0개 / 목표: 500개
  [경고] 연속 3번째 빈 배치 (새 비디오 없음)

[조기 종료] 3번 연속 새 비디오 없음 - 더 이상 수집 가능한 비디오 없음
수집된 비디오: 0개 (목표: 500개)

================================================================================
수집 완료: google launch color in US
  - 총 수집 비디오 수: 48개
  - 필터링 후: 0개
  - Raw 데이터: 48개
  - 최종 반환: 0개
  - 총 API 호출 수: 9
================================================================================

No videos found!

[WARN] 'Google Launch Color' returned no data

Waiting 30 seconds before next keyword...

================================================================================
Processing keyword 8/44: 'Samsung Galaxy Launch Storage' (category: HHP)
================================================================================
================================================================================
YouTube Data Collection & Analysis Pipeline
================================================================================
Keyword: Samsung Galaxy Launch Storage
Max videos: 500
Max comments per video: 100
Region: US
Summarize comments: True
Analyze sentiment: False
================================================================================

[Step 1/4] Collecting video data from YouTube API (500 videos with quality filter)...

================================================================================
품질 필터링 모드 활성화:
  - 채널 국가: US (US 채널만)
  - 카테고리: 28 (Science & Technology)
  - 최소 구독자: 10,000 OR 채널 총 조회수: 100,000,000
  - 최소 참여율: 2.0%
  - 목표 비디오 수: 500개
  - 배치 크기: 50개씩 수집
================================================================================


[배치 1] 50개 비디오 수집 중...
  비디오 ID 50개 수집 완료
  비디오 상세 정보 수집 중...
  채널 정보 수집 중...
채널 정보 수집 완료: 35개 채널
  비디오 상세 정보 완료: 50개
  품질 필터 적용 중...
  필터 결과: 0개 통과 / 50개
    - 채널 국가 불일치: 48개
    - 카테고리 불일치: 8개
    - 채널 규모 미달: 2개
    - 참여율 미달: 13개
  누적 필터링된 비디오: 0개 / 목표: 500개
  [경고] 연속 1번째 빈 배치 (새 비디오 없음)

[배치 2] 50개 비디오 수집 중...
  비디오 ID 50개 수집 완료
  비디오 상세 정보 수집 중...
  채널 정보 수집 중...
채널 정보 수집 완료: 40개 채널
  비디오 상세 정보 완료: 50개
  품질 필터 적용 중...
  필터 결과: 0개 통과 / 50개
    - 채널 국가 불일치: 50개
    - 카테고리 불일치: 9개
    - 채널 규모 미달: 3개
    - 참여율 미달: 29개
  누적 필터링된 비디오: 0개 / 목표: 500개
  [경고] 연속 2번째 빈 배치 (새 비디오 없음)

[배치 3] 50개 비디오 수집 중...
  더 이상 수집할 비디오가 없습니다 (총 0개 수집)
  이 배치에서 수집된 비디오가 없습니다.

================================================================================
수집 완료: samsung galaxy launch storage in US
  - 총 수집 비디오 수: 100개
  - 필터링 후: 0개
  - Raw 데이터: 100개
  - 최종 반환: 0개
  - 총 API 호출 수: 7
================================================================================

No videos found!

[WARN] 'Samsung Galaxy Launch Storage' returned no data

Waiting 30 seconds before next keyword...

================================================================================
Processing keyword 9/44: 'Samsung Flip Launch Storage' (category: HHP)
================================================================================
================================================================================
YouTube Data Collection & Analysis Pipeline
================================================================================
Keyword: Samsung Flip Launch Storage
Max videos: 500
Max comments per video: 100
Region: US
Summarize comments: True
Analyze sentiment: False
================================================================================

[Step 1/4] Collecting video data from YouTube API (500 videos with quality filter)...

================================================================================
품질 필터링 모드 활성화:
  - 채널 국가: US (US 채널만)
  - 카테고리: 28 (Science & Technology)
  - 최소 구독자: 10,000 OR 채널 총 조회수: 100,000,000
  - 최소 참여율: 2.0%
  - 목표 비디오 수: 500개
  - 배치 크기: 50개씩 수집
================================================================================


[배치 1] 50개 비디오 수집 중...
  더 이상 수집할 비디오가 없습니다 (총 7개 수집)
  비디오 ID 7개 수집 완료
  비디오 상세 정보 수집 중...
  채널 정보 수집 중...
채널 정보 수집 완료: 6개 채널
  비디오 상세 정보 완료: 7개
  품질 필터 적용 중...
  필터 결과: 0개 통과 / 7개
    - 채널 국가 불일치: 7개
    - 카테고리 불일치: 7개
    - 채널 규모 미달: 1개
    - 참여율 미달: 4개
  누적 필터링된 비디오: 0개 / 목표: 500개
  [경고] 연속 1번째 빈 배치 (새 비디오 없음)

[배치 2] 50개 비디오 수집 중...
  더 이상 수집할 비디오가 없습니다 (총 4개 수집)
  비디오 ID 4개 수집 완료
  비디오 상세 정보 수집 중...
  채널 정보 수집 중...
채널 정보 수집 완료: 4개 채널
  비디오 상세 정보 완료: 4개
  품질 필터 적용 중...
  필터 결과: 0개 통과 / 4개
    - 채널 국가 불일치: 4개
    - 카테고리 불일치: 4개
    - 채널 규모 미달: 0개
    - 참여율 미달: 2개
  누적 필터링된 비디오: 0개 / 목표: 500개
  [경고] 연속 2번째 빈 배치 (새 비디오 없음)

[배치 3] 50개 비디오 수집 중...
  더 이상 수집할 비디오가 없습니다 (총 4개 수집)
  비디오 ID 4개 수집 완료
  비디오 상세 정보 수집 중...
  채널 정보 수집 중...
채널 정보 수집 완료: 4개 채널
  비디오 상세 정보 완료: 4개
  품질 필터 적용 중...
  필터 결과: 0개 통과 / 4개
    - 채널 국가 불일치: 4개
    - 카테고리 불일치: 4개
    - 채널 규모 미달: 0개
    - 참여율 미달: 2개
  누적 필터링된 비디오: 0개 / 목표: 500개
  [경고] 연속 3번째 빈 배치 (새 비디오 없음)

[조기 종료] 3번 연속 새 비디오 없음 - 더 이상 수집 가능한 비디오 없음
수집된 비디오: 0개 (목표: 500개)

================================================================================
수집 완료: samsung flip launch storage in US
  - 총 수집 비디오 수: 15개
  - 필터링 후: 0개
  - Raw 데이터: 15개
  - 최종 반환: 0개
  - 총 API 호출 수: 9
================================================================================

No videos found!

[WARN] 'Samsung Flip Launch Storage' returned no data

Waiting 30 seconds before next keyword...

================================================================================
Processing keyword 10/44: 'Samsung Fold Launch Storage' (category: HHP)
================================================================================
================================================================================
YouTube Data Collection & Analysis Pipeline
================================================================================
Keyword: Samsung Fold Launch Storage
Max videos: 500
Max comments per video: 100
Region: US
Summarize comments: True
Analyze sentiment: False
================================================================================

[Step 1/4] Collecting video data from YouTube API (500 videos with quality filter)...

================================================================================
품질 필터링 모드 활성화:
  - 채널 국가: US (US 채널만)
  - 카테고리: 28 (Science & Technology)
  - 최소 구독자: 10,000 OR 채널 총 조회수: 100,000,000
  - 최소 참여율: 2.0%
  - 목표 비디오 수: 500개
  - 배치 크기: 50개씩 수집
================================================================================


[배치 1] 50개 비디오 수집 중...
  더 이상 수집할 비디오가 없습니다 (총 22개 수집)
  비디오 ID 22개 수집 완료
  비디오 상세 정보 수집 중...
  채널 정보 수집 중...
채널 정보 수집 완료: 19개 채널
  비디오 상세 정보 완료: 22개
  품질 필터 적용 중...
  필터 결과: 0개 통과 / 22개
    - 채널 국가 불일치: 22개
    - 카테고리 불일치: 11개
    - 채널 규모 미달: 9개
    - 참여율 미달: 15개
  누적 필터링된 비디오: 0개 / 목표: 500개
  [경고] 연속 1번째 빈 배치 (새 비디오 없음)

[배치 2] 50개 비디오 수집 중...
  더 이상 수집할 비디오가 없습니다 (총 19개 수집)
  비디오 ID 19개 수집 완료
  비디오 상세 정보 수집 중...
  채널 정보 수집 중...
채널 정보 수집 완료: 17개 채널
  비디오 상세 정보 완료: 19개
  품질 필터 적용 중...
  필터 결과: 0개 통과 / 19개
    - 채널 국가 불일치: 19개
    - 카테고리 불일치: 10개
    - 채널 규모 미달: 6개
    - 참여율 미달: 11개
  누적 필터링된 비디오: 0개 / 목표: 500개
  [경고] 연속 2번째 빈 배치 (새 비디오 없음)

[배치 3] 50개 비디오 수집 중...
  더 이상 수집할 비디오가 없습니다 (총 21개 수집)
  비디오 ID 21개 수집 완료
  비디오 상세 정보 수집 중...
  채널 정보 수집 중...
채널 정보 수집 완료: 19개 채널
  비디오 상세 정보 완료: 21개
  품질 필터 적용 중...
  필터 결과: 0개 통과 / 21개
    - 채널 국가 불일치: 21개
    - 카테고리 불일치: 12개
    - 채널 규모 미달: 6개
    - 참여율 미달: 13개
  누적 필터링된 비디오: 0개 / 목표: 500개
  [경고] 연속 3번째 빈 배치 (새 비디오 없음)

[조기 종료] 3번 연속 새 비디오 없음 - 더 이상 수집 가능한 비디오 없음
수집된 비디오: 0개 (목표: 500개)

================================================================================
수집 완료: samsung fold launch storage in US
  - 총 수집 비디오 수: 62개
  - 필터링 후: 0개
  - Raw 데이터: 62개
  - 최종 반환: 0개
  - 총 API 호출 수: 9
================================================================================

No videos found!

[WARN] 'Samsung Fold Launch Storage' returned no data

Waiting 30 seconds before next keyword...
