================================================================================
YouTube Videos 쾅첇쥜 첞쏮쨬
================================================================================
쫚첕 쫚쌲: 2025-11-10 18:39:33

Connected to PostgreSQL database: samsung_dx_sentiment
[Step 1/5] youtube_videos_raw 쾅첇쥜 쾖썯
   쥠왫: 548
  썴챮 칛: 345
  US 칛 쥠왫: 52
  Science & Tech 캶쾅썴쟕: 255

[Step 2/5] 퉨퐂 쐑촺 첱 (US + category 28 + engagement >= 2% + subscribers >= 10k)
  퉨퐂 쾖쎀: 5썁 쥠왫
  쥠왫 ID: ['UkBS6gzxiRI', 'm_LCI2rFDUY', 'VvI0TtwsqX0', 'V8UELS4di2g', 'YbuJ1XW_LSg']... (칩챻 5썁)

[Step 3/5] 5썁 쥠왫첂 엄쐍 쩠쵛 ...
YouTubeAnalyzer 퉘邱: 7썁 API 콣 牟 쌰얠
엄쐍 쩠쵛: UkBS6gzxiRI - 20썁 쫔잋왠

[QUOTA EXCEEDED] API 훲慕 퉗 쌷쵔

[KEY ROTATION] API 콣 #2 첲턆왉 (첖찔 콣: 5썁)
[RETRY]  API 콣 첞쫚옷...
엄쐍 쩠쵛: m_LCI2rFDUY - 20썁 쫔잋왠
엄쐍 쩠쵛: VvI0TtwsqX0 - 20썁 쫔잋왠

[QUOTA EXCEEDED] API 훲慕 퉗 쌷쵔

[KEY ROTATION] API 콣 #3 첲턆왉 (첖찔 콣: 4썁)
[RETRY]  API 콣 첞쫚옷...

[QUOTA EXCEEDED] API 훲慕 퉗 쌷쵔

[KEY ROTATION] API 콣 #4 첲턆왉 (첖찔 콣: 3썁)
[RETRY]  API 콣 첞쫚옷...

[QUOTA EXCEEDED] API 훲慕 퉗 쌷쵔

[KEY ROTATION] API 콣 #5 첲턆왉 (첖찔 콣: 2썁)
[RETRY]  API 콣 첞쫚옷...

[QUOTA EXCEEDED] API 훲慕 퉗 쌷쵔

[KEY ROTATION] API 콣 #6 첲턆왉 (첖찔 콣: 1썁)
[RETRY]  API 콣 첞쫚옷...

[QUOTA EXCEEDED] API 훲慕 퉗 쌷쵔

[KEY ROTATION] API 콣 #7 첲턆왉 (첖찔 콣: 0썁)
[RETRY]  API 콣 첞쫚옷...
엄쐍 쩠쵛: V8UELS4di2g - 20썁 쫔잋왠
엄쐍 쩠쵛: YbuJ1XW_LSg - 6썁 쫔잋왠
첲칲 엄쐍 쩠쵛 핑擊 268썁
  쩠쵛왇 엄쐍: 268썁

[Step 4/5] 엄쐍 曇 쨬 ...
  Summarizing: UkBS6gzxiRI (36 comments)
  Summarizing: m_LCI2rFDUY (76 comments)
  Summarizing: VvI0TtwsqX0 (101 comments)
  Summarizing: V8UELS4di2g (45 comments)
  Summarizing: YbuJ1XW_LSg (10 comments)
  쨬왇 曇嫁 5썁

[Step 5/5] youtube_videos 쾅첇쥜찌 온첇콼 育...
  쐑촞 youtube_videos 쾅첇쥜 온첇콼 防 핑
  育 핑擊 5썁 쥠왫
  엄쐍 온첇콼 育 ...
  [WARNING] 엄쐍 育 쫞퀧: column "author_display_name" of relation "youtube_comments" does not exist
LINE 4:                     author_display_name, author_channel_id,
                            ^

  [WARNING] 엄쐍 育 쫞퀧: current transaction is aborted, commands ignored until end of transaction block

  [WARNING] 엄쐍 育 쫞퀧: current transaction is aborted, commands ignored until end of transaction block

  [WARNING] 엄쐍 育 쫞퀧: current transaction is aborted, commands ignored until end of transaction block

  [WARNING] 엄쐍 育 쫞퀧: current transaction is aborted, commands ignored until end of transaction block

  [WARNING] 엄쐍 育 쫞퀧: current transaction is aborted, commands ignored until end of transaction block

  [WARNING] 엄쐍 育 쫞퀧: current transaction is aborted, commands ignored until end of transaction block

  [WARNING] 엄쐍 育 쫞퀧: current transaction is aborted, commands ignored until end of transaction block

  [WARNING] 엄쐍 育 쫞퀧: current transaction is aborted, commands ignored until end of transaction block

  [WARNING] 엄쐍 育 쫞퀧: current transaction is aborted, commands ignored until end of transaction block

  [WARNING] 엄쐍 育 쫞퀧: current transaction is aborted, commands ignored until end of transaction block

  [WARNING] 엄쐍 育 쫞퀧: current transaction is aborted, commands ignored until end of transaction block

  [WARNING] 엄쐍 育 쫞퀧: current transaction is aborted, commands ignored until end of transaction block

  [WARNING] 엄쐍 育 쫞퀧: current transaction is aborted, commands ignored until end of transaction block

  [WARNING] 엄쐍 育 쫞퀧: current transaction is aborted, commands ignored until end of transaction block

  [WARNING] 엄쐍 育 쫞퀧: current transaction is aborted, commands ignored until end of transaction block

  [WARNING] 엄쐍 育 쫞퀧: current transaction is aborted, commands ignored until end of transaction block

  [WARNING] 엄쐍 育 쫞퀧: current transaction is aborted, commands ignored until end of transaction block

  [WARNING] 엄쐍 育 쫞퀧: current transaction is aborted, commands ignored until end of transaction block

  [WARNING] 엄쐍 育 쫞퀧: current transaction is aborted, commands ignored until end of transaction block

  [WARNING] 엄쐍 育 쫞퀧: current transaction is aborted, commands ignored until end of transaction block

  [WARNING] 엄쐍 育 쫞퀧: current transaction is aborted, commands ignored until end of transaction block

  [WARNING] 엄쐍 育 쫞퀧: current transaction is aborted, commands ignored until end of transaction block

  [WARNING] 엄쐍 育 쫞퀧: current transaction is aborted, commands ignored until end of transaction block

  [WARNING] 엄쐍 育 쫞퀧: current transaction is aborted, commands ignored until end of transaction block

  [WARNING] 엄쐍 育 쫞퀧: current transaction is aborted, commands ignored until end of transaction block

  [WARNING] 엄쐍 育 쫞퀧: current transaction is aborted, commands ignored until end of transaction block

  [WARNING] 엄쐍 育 쫞퀧: current transaction is aborted, commands ignored until end of transaction block

  [WARNING] 엄쐍 育 쫞퀧: current transaction is aborted, commands ignored until end of transaction block

  [WARNING] 엄쐍 育 쫞퀧: current transaction is aborted, commands ignored until end of transaction block

  [WARNING] 엄쐍 育 쫞퀧: current transaction is aborted, commands ignored until end of transaction block

  [WARNING] 엄쐍 育 쫞퀧: current transaction is aborted, commands ignored until end of transaction block

  [WARNING] 엄쐍 育 쫞퀧: current transaction is aborted, commands ignored until end of transaction block

  [WARNING] 엄쐍 育 쫞퀧: current transaction is aborted, commands ignored until end of transaction block

  [WARNING] 엄쐍 育 쫞퀧: current transaction is aborted, commands ignored until end of transaction block

  [WARNING] 엄쐍 育 쫞퀧: current transaction is aborted, commands ignored until end of transaction block

  [WARNING] 엄쐍 育 쫞퀧: current transaction is aborted, commands ignored until end of transaction block

  [WARNING] 엄쐍 育 쫞퀧: current transaction is aborted, commands ignored until end of transaction block

  [WARNING] 엄쐍 育 쫞퀧: current transaction is aborted, commands ignored until end of transaction block

  [WARNING] 엄쐍 育 쫞퀧: current transaction is aborted, commands ignored until end of transaction block

  [WARNING] 엄쐍 育 쫞퀧: current transaction is aborted, commands ignored until end of transaction block

  [WARNING] 엄쐍 育 쫞퀧: current transaction is aborted, commands ignored until end of transaction block

  [WARNING] 엄쐍 育 쫞퀧: current transaction is aborted, commands ignored until end of transaction block

  [WARNING] 엄쐍 育 쫞퀧: current transaction is aborted, commands ignored until end of transaction block

  [WARNING] 엄쐍 育 쫞퀧: current transaction is aborted, commands ignored until end of transaction block

  [WARNING] 엄쐍 育 쫞퀧: current transaction is aborted, commands ignored until end of transaction block

  [WARNING] 엄쐍 育 쫞퀧: current transaction is aborted, commands ignored until end of transaction block

  [WARNING] 엄쐍 育 쫞퀧: current transaction is aborted, commands ignored until end of transaction block

  [WARNING] 엄쐍 育 쫞퀧: current transaction is aborted, commands ignored until end of transaction block

  [WARNING] 엄쐍 育 쫞퀧: current transaction is aborted, commands ignored until end of transaction block

  [WARNING] 엄쐍 育 쫞퀧: current transaction is aborted, commands ignored until end of transaction block

  [WARNING] 엄쐍 育 쫞퀧: current transaction is aborted, commands ignored until end of transaction block

  [WARNING] 엄쐍 育 쫞퀧: current transaction is aborted, commands ignored until end of transaction block

  [WARNING] 엄쐍 育 쫞퀧: current transaction is aborted, commands ignored until end of transaction block

  [WARNING] 엄쐍 育 쫞퀧: current transaction is aborted, commands ignored until end of transaction block

  [WARNING] 엄쐍 育 쫞퀧: current transaction is aborted, commands ignored until end of transaction block

  [WARNING] 엄쐍 育 쫞퀧: current transaction is aborted, commands ignored until end of transaction block

  [WARNING] 엄쐍 育 쫞퀧: current transaction is aborted, commands ignored until end of transaction block

  [WARNING] 엄쐍 育 쫞퀧: current transaction is aborted, commands ignored until end of transaction block

  [WARNING] 엄쐍 育 쫞퀧: current transaction is aborted, commands ignored until end of transaction block

  [WARNING] 엄쐍 育 쫞퀧: current transaction is aborted, commands ignored until end of transaction block

  [WARNING] 엄쐍 育 쫞퀧: current transaction is aborted, commands ignored until end of transaction block

  [WARNING] 엄쐍 育 쫞퀧: current transaction is aborted, commands ignored until end of transaction block

  [WARNING] 엄쐍 育 쫞퀧: current transaction is aborted, commands ignored until end of transaction block

  [WARNING] 엄쐍 育 쫞퀧: current transaction is aborted, commands ignored until end of transaction block

  [WARNING] 엄쐍 育 쫞퀧: current transaction is aborted, commands ignored until end of transaction block

  [WARNING] 엄쐍 育 쫞퀧: current transaction is aborted, commands ignored until end of transaction block

  [WARNING] 엄쐍 育 쫞퀧: current transaction is aborted, commands ignored until end of transaction block

  [WARNING] 엄쐍 育 쫞퀧: current transaction is aborted, commands ignored until end of transaction block

  [WARNING] 엄쐍 育 쫞퀧: current transaction is aborted, commands ignored until end of transaction block

  [WARNING] 엄쐍 育 쫞퀧: current transaction is aborted, commands ignored until end of transaction block

  [WARNING] 엄쐍 育 쫞퀧: current transaction is aborted, commands ignored until end of transaction block

  [WARNING] 엄쐍 育 쫞퀧: current transaction is aborted, commands ignored until end of transaction block

  [WARNING] 엄쐍 育 쫞퀧: current transaction is aborted, commands ignored until end of transaction block

  [WARNING] 엄쐍 育 쫞퀧: current transaction is aborted, commands ignored until end of transaction block

  [WARNING] 엄쐍 育 쫞퀧: current transaction is aborted, commands ignored until end of transaction block

  [WARNING] 엄쐍 育 쫞퀧: current transaction is aborted, commands ignored until end of transaction block

  [WARNING] 엄쐍 育 쫞퀧: current transaction is aborted, commands ignored until end of transaction block

  [WARNING] 엄쐍 育 쫞퀧: current transaction is aborted, commands ignored until end of transaction block

  [WARNING] 엄쐍 育 쫞퀧: current transaction is aborted, commands ignored until end of transaction block

  [WARNING] 엄쐍 育 쫞퀧: current transaction is aborted, commands ignored until end of transaction block

  [WARNING] 엄쐍 育 쫞퀧: current transaction is aborted, commands ignored until end of transaction block

  [WARNING] 엄쐍 育 쫞퀧: current transaction is aborted, commands ignored until end of transaction block

  [WARNING] 엄쐍 育 쫞퀧: current transaction is aborted, commands ignored until end of transaction block

  [WARNING] 엄쐍 育 쫞퀧: current transaction is aborted, commands ignored until end of transaction block

  [WARNING] 엄쐍 育 쫞퀧: current transaction is aborted, commands ignored until end of transaction block

  [WARNING] 엄쐍 育 쫞퀧: current transaction is aborted, commands ignored until end of transaction block

  [WARNING] 엄쐍 育 쫞퀧: current transaction is aborted, commands ignored until end of transaction block

  [WARNING] 엄쐍 育 쫞퀧: current transaction is aborted, commands ignored until end of transaction block

  [WARNING] 엄쐍 育 쫞퀧: current transaction is aborted, commands ignored until end of transaction block

  [WARNING] 엄쐍 育 쫞퀧: current transaction is aborted, commands ignored until end of transaction block

  [WARNING] 엄쐍 育 쫞퀧: current transaction is aborted, commands ignored until end of transaction block

  [WARNING] 엄쐍 育 쫞퀧: current transaction is aborted, commands ignored until end of transaction block

  [WARNING] 엄쐍 育 쫞퀧: current transaction is aborted, commands ignored until end of transaction block

  [WARNING] 엄쐍 育 쫞퀧: current transaction is aborted, commands ignored until end of transaction block

  [WARNING] 엄쐍 育 쫞퀧: current transaction is aborted, commands ignored until end of transaction block

  [WARNING] 엄쐍 育 쫞퀧: current transaction is aborted, commands ignored until end of transaction block

  [WARNING] 엄쐍 育 쫞퀧: current transaction is aborted, commands ignored until end of transaction block

  [WARNING] 엄쐍 育 쫞퀧: current transaction is aborted, commands ignored until end of transaction block

  [WARNING] 엄쐍 育 쫞퀧: current transaction is aborted, commands ignored until end of transaction block

  [WARNING] 엄쐍 育 쫞퀧: current transaction is aborted, commands ignored until end of transaction block

  [WARNING] 엄쐍 育 쫞퀧: current transaction is aborted, commands ignored until end of transaction block

  [WARNING] 엄쐍 育 쫞퀧: current transaction is aborted, commands ignored until end of transaction block

  [WARNING] 엄쐍 育 쫞퀧: current transaction is aborted, commands ignored until end of transaction block

  [WARNING] 엄쐍 育 쫞퀧: current transaction is aborted, commands ignored until end of transaction block

  [WARNING] 엄쐍 育 쫞퀧: current transaction is aborted, commands ignored until end of transaction block

  [WARNING] 엄쐍 育 쫞퀧: current transaction is aborted, commands ignored until end of transaction block

  [WARNING] 엄쐍 育 쫞퀧: current transaction is aborted, commands ignored until end of transaction block

  [WARNING] 엄쐍 育 쫞퀧: current transaction is aborted, commands ignored until end of transaction block

  [WARNING] 엄쐍 育 쫞퀧: current transaction is aborted, commands ignored until end of transaction block

  [WARNING] 엄쐍 育 쫞퀧: current transaction is aborted, commands ignored until end of transaction block

  [WARNING] 엄쐍 育 쫞퀧: current transaction is aborted, commands ignored until end of transaction block

  [WARNING] 엄쐍 育 쫞퀧: current transaction is aborted, commands ignored until end of transaction block

  [WARNING] 엄쐍 育 쫞퀧: current transaction is aborted, commands ignored until end of transaction block

  [WARNING] 엄쐍 育 쫞퀧: current transaction is aborted, commands ignored until end of transaction block

  [WARNING] 엄쐍 育 쫞퀧: current transaction is aborted, commands ignored until end of transaction block

  [WARNING] 엄쐍 育 쫞퀧: current transaction is aborted, commands ignored until end of transaction block

  [WARNING] 엄쐍 育 쫞퀧: current transaction is aborted, commands ignored until end of transaction block

  [WARNING] 엄쐍 育 쫞퀧: current transaction is aborted, commands ignored until end of transaction block

  [WARNING] 엄쐍 育 쫞퀧: current transaction is aborted, commands ignored until end of transaction block

  [WARNING] 엄쐍 育 쫞퀧: current transaction is aborted, commands ignored until end of transaction block

  [WARNING] 엄쐍 育 쫞퀧: current transaction is aborted, commands ignored until end of transaction block

  [WARNING] 엄쐍 育 쫞퀧: current transaction is aborted, commands ignored until end of transaction block

  [WARNING] 엄쐍 育 쫞퀧: current transaction is aborted, commands ignored until end of transaction block

  [WARNING] 엄쐍 育 쫞퀧: current transaction is aborted, commands ignored until end of transaction block

  [WARNING] 엄쐍 育 쫞퀧: current transaction is aborted, commands ignored until end of transaction block

  [WARNING] 엄쐍 育 쫞퀧: current transaction is aborted, commands ignored until end of transaction block

  [WARNING] 엄쐍 育 쫞퀧: current transaction is aborted, commands ignored until end of transaction block

  [WARNING] 엄쐍 育 쫞퀧: current transaction is aborted, commands ignored until end of transaction block

  [WARNING] 엄쐍 育 쫞퀧: current transaction is aborted, commands ignored until end of transaction block

  [WARNING] 엄쐍 育 쫞퀧: current transaction is aborted, commands ignored until end of transaction block

  [WARNING] 엄쐍 育 쫞퀧: current transaction is aborted, commands ignored until end of transaction block

  [WARNING] 엄쐍 育 쫞퀧: current transaction is aborted, commands ignored until end of transaction block

  [WARNING] 엄쐍 育 쫞퀧: current transaction is aborted, commands ignored until end of transaction block

  [WARNING] 엄쐍 育 쫞퀧: current transaction is aborted, commands ignored until end of transaction block

  [WARNING] 엄쐍 育 쫞퀧: current transaction is aborted, commands ignored until end of transaction block

  [WARNING] 엄쐍 育 쫞퀧: current transaction is aborted, commands ignored until end of transaction block

  [WARNING] 엄쐍 育 쫞퀧: current transaction is aborted, commands ignored until end of transaction block

  [WARNING] 엄쐍 育 쫞퀧: current transaction is aborted, commands ignored until end of transaction block

  [WARNING] 엄쐍 育 쫞퀧: current transaction is aborted, commands ignored until end of transaction block

  [WARNING] 엄쐍 育 쫞퀧: current transaction is aborted, commands ignored until end of transaction block

  [WARNING] 엄쐍 育 쫞퀧: current transaction is aborted, commands ignored until end of transaction block

  [WARNING] 엄쐍 育 쫞퀧: current transaction is aborted, commands ignored until end of transaction block

  [WARNING] 엄쐍 育 쫞퀧: current transaction is aborted, commands ignored until end of transaction block

  [WARNING] 엄쐍 育 쫞퀧: current transaction is aborted, commands ignored until end of transaction block

  [WARNING] 엄쐍 育 쫞퀧: current transaction is aborted, commands ignored until end of transaction block

  [WARNING] 엄쐍 育 쫞퀧: current transaction is aborted, commands ignored until end of transaction block

  [WARNING] 엄쐍 育 쫞퀧: current transaction is aborted, commands ignored until end of transaction block

  [WARNING] 엄쐍 育 쫞퀧: current transaction is aborted, commands ignored until end of transaction block

  [WARNING] 엄쐍 育 쫞퀧: current transaction is aborted, commands ignored until end of transaction block

  [WARNING] 엄쐍 育 쫞퀧: current transaction is aborted, commands ignored until end of transaction block

  [WARNING] 엄쐍 育 쫞퀧: current transaction is aborted, commands ignored until end of transaction block

  [WARNING] 엄쐍 育 쫞퀧: current transaction is aborted, commands ignored until end of transaction block

  [WARNING] 엄쐍 育 쫞퀧: current transaction is aborted, commands ignored until end of transaction block

  [WARNING] 엄쐍 育 쫞퀧: current transaction is aborted, commands ignored until end of transaction block

  [WARNING] 엄쐍 育 쫞퀧: current transaction is aborted, commands ignored until end of transaction block

  [WARNING] 엄쐍 育 쫞퀧: current transaction is aborted, commands ignored until end of transaction block

  [WARNING] 엄쐍 育 쫞퀧: current transaction is aborted, commands ignored until end of transaction block

  [WARNING] 엄쐍 育 쫞퀧: current transaction is aborted, commands ignored until end of transaction block

  [WARNING] 엄쐍 育 쫞퀧: current transaction is aborted, commands ignored until end of transaction block

  [WARNING] 엄쐍 育 쫞퀧: current transaction is aborted, commands ignored until end of transaction block

  [WARNING] 엄쐍 育 쫞퀧: current transaction is aborted, commands ignored until end of transaction block

  [WARNING] 엄쐍 育 쫞퀧: current transaction is aborted, commands ignored until end of transaction block

  [WARNING] 엄쐍 育 쫞퀧: current transaction is aborted, commands ignored until end of transaction block

  [WARNING] 엄쐍 育 쫞퀧: current transaction is aborted, commands ignored until end of transaction block

  [WARNING] 엄쐍 育 쫞퀧: current transaction is aborted, commands ignored until end of transaction block

  [WARNING] 엄쐍 育 쫞퀧: current transaction is aborted, commands ignored until end of transaction block

  [WARNING] 엄쐍 育 쫞퀧: current transaction is aborted, commands ignored until end of transaction block

  [WARNING] 엄쐍 育 쫞퀧: current transaction is aborted, commands ignored until end of transaction block

  [WARNING] 엄쐍 育 쫞퀧: current transaction is aborted, commands ignored until end of transaction block

  [WARNING] 엄쐍 育 쫞퀧: current transaction is aborted, commands ignored until end of transaction block

  [WARNING] 엄쐍 育 쫞퀧: current transaction is aborted, commands ignored until end of transaction block

  [WARNING] 엄쐍 育 쫞퀧: current transaction is aborted, commands ignored until end of transaction block

  [WARNING] 엄쐍 育 쫞퀧: current transaction is aborted, commands ignored until end of transaction block

  [WARNING] 엄쐍 育 쫞퀧: current transaction is aborted, commands ignored until end of transaction block

  [WARNING] 엄쐍 育 쫞퀧: current transaction is aborted, commands ignored until end of transaction block

  [WARNING] 엄쐍 育 쫞퀧: current transaction is aborted, commands ignored until end of transaction block

  [WARNING] 엄쐍 育 쫞퀧: current transaction is aborted, commands ignored until end of transaction block

  [WARNING] 엄쐍 育 쫞퀧: current transaction is aborted, commands ignored until end of transaction block

  [WARNING] 엄쐍 育 쫞퀧: current transaction is aborted, commands ignored until end of transaction block

  [WARNING] 엄쐍 育 쫞퀧: current transaction is aborted, commands ignored until end of transaction block

  [WARNING] 엄쐍 育 쫞퀧: current transaction is aborted, commands ignored until end of transaction block

  [WARNING] 엄쐍 育 쫞퀧: current transaction is aborted, commands ignored until end of transaction block

  [WARNING] 엄쐍 育 쫞퀧: current transaction is aborted, commands ignored until end of transaction block

  [WARNING] 엄쐍 育 쫞퀧: current transaction is aborted, commands ignored until end of transaction block

  [WARNING] 엄쐍 育 쫞퀧: current transaction is aborted, commands ignored until end of transaction block

  [WARNING] 엄쐍 育 쫞퀧: current transaction is aborted, commands ignored until end of transaction block

  [WARNING] 엄쐍 育 쫞퀧: current transaction is aborted, commands ignored until end of transaction block

  [WARNING] 엄쐍 育 쫞퀧: current transaction is aborted, commands ignored until end of transaction block

  [WARNING] 엄쐍 育 쫞퀧: current transaction is aborted, commands ignored until end of transaction block

  [WARNING] 엄쐍 育 쫞퀧: current transaction is aborted, commands ignored until end of transaction block

  [WARNING] 엄쐍 育 쫞퀧: current transaction is aborted, commands ignored until end of transaction block

  [WARNING] 엄쐍 育 쫞퀧: current transaction is aborted, commands ignored until end of transaction block

  [WARNING] 엄쐍 育 쫞퀧: current transaction is aborted, commands ignored until end of transaction block

  [WARNING] 엄쐍 育 쫞퀧: current transaction is aborted, commands ignored until end of transaction block

  [WARNING] 엄쐍 育 쫞퀧: current transaction is aborted, commands ignored until end of transaction block

  [WARNING] 엄쐍 育 쫞퀧: current transaction is aborted, commands ignored until end of transaction block

  [WARNING] 엄쐍 育 쫞퀧: current transaction is aborted, commands ignored until end of transaction block

  [WARNING] 엄쐍 育 쫞퀧: current transaction is aborted, commands ignored until end of transaction block

  [WARNING] 엄쐍 育 쫞퀧: current transaction is aborted, commands ignored until end of transaction block

  [WARNING] 엄쐍 育 쫞퀧: current transaction is aborted, commands ignored until end of transaction block

  [WARNING] 엄쐍 育 쫞퀧: current transaction is aborted, commands ignored until end of transaction block

  [WARNING] 엄쐍 育 쫞퀧: current transaction is aborted, commands ignored until end of transaction block

  [WARNING] 엄쐍 育 쫞퀧: current transaction is aborted, commands ignored until end of transaction block

  [WARNING] 엄쐍 育 쫞퀧: current transaction is aborted, commands ignored until end of transaction block

  [WARNING] 엄쐍 育 쫞퀧: current transaction is aborted, commands ignored until end of transaction block

  [WARNING] 엄쐍 育 쫞퀧: current transaction is aborted, commands ignored until end of transaction block

  [WARNING] 엄쐍 育 쫞퀧: current transaction is aborted, commands ignored until end of transaction block

  [WARNING] 엄쐍 育 쫞퀧: current transaction is aborted, commands ignored until end of transaction block

  [WARNING] 엄쐍 育 쫞퀧: current transaction is aborted, commands ignored until end of transaction block

  [WARNING] 엄쐍 育 쫞퀧: current transaction is aborted, commands ignored until end of transaction block

  [WARNING] 엄쐍 育 쫞퀧: current transaction is aborted, commands ignored until end of transaction block

  [WARNING] 엄쐍 育 쫞퀧: current transaction is aborted, commands ignored until end of transaction block

  [WARNING] 엄쐍 育 쫞퀧: current transaction is aborted, commands ignored until end of transaction block

  [WARNING] 엄쐍 育 쫞퀧: current transaction is aborted, commands ignored until end of transaction block

  [WARNING] 엄쐍 育 쫞퀧: current transaction is aborted, commands ignored until end of transaction block

  [WARNING] 엄쐍 育 쫞퀧: current transaction is aborted, commands ignored until end of transaction block

  [WARNING] 엄쐍 育 쫞퀧: current transaction is aborted, commands ignored until end of transaction block

  [WARNING] 엄쐍 育 쫞퀧: current transaction is aborted, commands ignored until end of transaction block

  [WARNING] 엄쐍 育 쫞퀧: current transaction is aborted, commands ignored until end of transaction block

  [WARNING] 엄쐍 育 쫞퀧: current transaction is aborted, commands ignored until end of transaction block

  [WARNING] 엄쐍 育 쫞퀧: current transaction is aborted, commands ignored until end of transaction block

  [WARNING] 엄쐍 育 쫞퀧: current transaction is aborted, commands ignored until end of transaction block

  [WARNING] 엄쐍 育 쫞퀧: current transaction is aborted, commands ignored until end of transaction block

  [WARNING] 엄쐍 育 쫞퀧: current transaction is aborted, commands ignored until end of transaction block

  [WARNING] 엄쐍 育 쫞퀧: current transaction is aborted, commands ignored until end of transaction block

  [WARNING] 엄쐍 育 쫞퀧: current transaction is aborted, commands ignored until end of transaction block

  [WARNING] 엄쐍 育 쫞퀧: current transaction is aborted, commands ignored until end of transaction block

  [WARNING] 엄쐍 育 쫞퀧: current transaction is aborted, commands ignored until end of transaction block

  [WARNING] 엄쐍 育 쫞퀧: current transaction is aborted, commands ignored until end of transaction block

  [WARNING] 엄쐍 育 쫞퀧: current transaction is aborted, commands ignored until end of transaction block

  [WARNING] 엄쐍 育 쫞퀧: current transaction is aborted, commands ignored until end of transaction block

  [WARNING] 엄쐍 育 쫞퀧: current transaction is aborted, commands ignored until end of transaction block

  [WARNING] 엄쐍 育 쫞퀧: current transaction is aborted, commands ignored until end of transaction block

  [WARNING] 엄쐍 育 쫞퀧: current transaction is aborted, commands ignored until end of transaction block

  [WARNING] 엄쐍 育 쫞퀧: current transaction is aborted, commands ignored until end of transaction block

  [WARNING] 엄쐍 育 쫞퀧: current transaction is aborted, commands ignored until end of transaction block

  [WARNING] 엄쐍 育 쫞퀧: current transaction is aborted, commands ignored until end of transaction block

  [WARNING] 엄쐍 育 쫞퀧: current transaction is aborted, commands ignored until end of transaction block

  [WARNING] 엄쐍 育 쫞퀧: current transaction is aborted, commands ignored until end of transaction block

  [WARNING] 엄쐍 育 쫞퀧: current transaction is aborted, commands ignored until end of transaction block

  [WARNING] 엄쐍 育 쫞퀧: current transaction is aborted, commands ignored until end of transaction block

  [WARNING] 엄쐍 育 쫞퀧: current transaction is aborted, commands ignored until end of transaction block

  [WARNING] 엄쐍 育 쫞퀧: current transaction is aborted, commands ignored until end of transaction block

  [WARNING] 엄쐍 育 쫞퀧: current transaction is aborted, commands ignored until end of transaction block

  [WARNING] 엄쐍 育 쫞퀧: current transaction is aborted, commands ignored until end of transaction block

  [WARNING] 엄쐍 育 쫞퀧: current transaction is aborted, commands ignored until end of transaction block

  [WARNING] 엄쐍 育 쫞퀧: current transaction is aborted, commands ignored until end of transaction block

  [WARNING] 엄쐍 育 쫞퀧: current transaction is aborted, commands ignored until end of transaction block

  [WARNING] 엄쐍 育 쫞퀧: current transaction is aborted, commands ignored until end of transaction block

  [WARNING] 엄쐍 育 쫞퀧: current transaction is aborted, commands ignored until end of transaction block

  [WARNING] 엄쐍 育 쫞퀧: current transaction is aborted, commands ignored until end of transaction block

  [WARNING] 엄쐍 育 쫞퀧: current transaction is aborted, commands ignored until end of transaction block

  [WARNING] 엄쐍 育 쫞퀧: current transaction is aborted, commands ignored until end of transaction block

  [WARNING] 엄쐍 育 쫞퀧: current transaction is aborted, commands ignored until end of transaction block

  [WARNING] 엄쐍 育 쫞퀧: current transaction is aborted, commands ignored until end of transaction block

  [WARNING] 엄쐍 育 쫞퀧: current transaction is aborted, commands ignored until end of transaction block

  [WARNING] 엄쐍 育 쫞퀧: current transaction is aborted, commands ignored until end of transaction block

  [WARNING] 엄쐍 育 쫞퀧: current transaction is aborted, commands ignored until end of transaction block

  [WARNING] 엄쐍 育 쫞퀧: current transaction is aborted, commands ignored until end of transaction block

  [WARNING] 엄쐍 育 쫞퀧: current transaction is aborted, commands ignored until end of transaction block

  [WARNING] 엄쐍 育 쫞퀧: current transaction is aborted, commands ignored until end of transaction block

  [WARNING] 엄쐍 育 쫞퀧: current transaction is aborted, commands ignored until end of transaction block

  [WARNING] 엄쐍 育 쫞퀧: current transaction is aborted, commands ignored until end of transaction block

  [WARNING] 엄쐍 育 쫞퀧: current transaction is aborted, commands ignored until end of transaction block

  [WARNING] 엄쐍 育 쫞퀧: current transaction is aborted, commands ignored until end of transaction block

  [WARNING] 엄쐍 育 쫞퀧: current transaction is aborted, commands ignored until end of transaction block

  [WARNING] 엄쐍 育 쫞퀧: current transaction is aborted, commands ignored until end of transaction block

  엄쐍 育 핑擊 0썁

================================================================================
핑 曇
================================================================================
youtube_videos 쾅첇쥜: 5썁 쥠왫
youtube_comments 쾅첇쥜: 0썁 엄쐍
핑 쫚쌲: 2025-11-10 18:40:13
================================================================================
Disconnected from database
