[INFO] Loaded 431 products from brand_series_info
Found 78 videos to update
================================================================================

[1/78] Processing video: 0sJiBaVxtYQ
  Title: [Unicode Error - cannot display]
  [OK] Updated: brand=None, series=None, sentiment=0.00

[2/78] Processing video: 269OsrzG3Ew
  Title: Google Pixel 10/Pro/Fold Impressions: Magnets!...
  [OK] Updated: brand=Google, series=Pixel 10, sentiment=3.00

[3/78] Processing video: 4hIIG0gZNBc
  Title: DIY bluetooth speaker from LG TV speaker cluster #shorts...
  [OK] Updated: brand=LG, series=None, sentiment=0.00

[4/78] Processing video: 5caOA3tZQYQ
  Title: [Unicode Error - cannot display]
  [OK] Updated: brand=None, series=None, sentiment=0.00

[5/78] Processing video: 5caOA3tZQYQ
  Title: [Unicode Error - cannot display]
  [OK] Updated: brand=None, series=None, sentiment=0.00

[6/78] Processing video: 5caOA3tZQYQ
  Title: [Unicode Error - cannot display]
  [OK] Updated: brand=None, series=None, sentiment=0.00

[7/78] Processing video: 5caOA3tZQYQ
  Title: [Unicode Error - cannot display]
  [OK] Updated: brand=None, series=None, sentiment=0.00

[8/78] Processing video: 5EdsU1-Gsrg
  Title: Galaxy Tab S11 Ultra Unboxing...
  [OK] Updated: brand=None, series=None, sentiment=0.00

[9/78] Processing video: 5EdsU1-Gsrg
  Title: Galaxy Tab S11 Ultra Unboxing...
  [OK] Updated: brand=None, series=None, sentiment=0.00

[10/78] Processing video: 7ItvUDAmHrk
  Title: iPhone 17 Pro in COSMIC ORANGE...
  [OK] Updated: brand=None, series=None, sentiment=0.00

  >>> Processed 10 videos, waiting 10 seconds...

[11/78] Processing video: 7ItvUDAmHrk
  Title: iPhone 17 Pro in COSMIC ORANGE...
  [OK] Updated: brand=None, series=None, sentiment=0.00

[12/78] Processing video: ASyxZCh9GJI
  Title: iPhone 17 - Hands on at the Apple Event!...
  [OK] Updated: brand=None, series=None, sentiment=0.00

[13/78] Processing video: ASyxZCh9GJI
  Title: iPhone 17 - Hands on at the Apple Event!...
  [OK] Updated: brand=None, series=None, sentiment=0.00

[14/78] Processing video: bfOf2rQ62Qc
  Title: iPhone 17 Launch Day: Tim Cook @ Apple Store 5th Ave...
  [OK] Updated: brand=None, series=None, sentiment=0.00

[15/78] Processing video: bfOf2rQ62Qc
  Title: iPhone 17 Launch Day: Tim Cook @ Apple Store 5th Ave...
  [OK] Updated: brand=None, series=None, sentiment=0.00

[16/78] Processing video: cfPJNehU2wU
  Title: [Unicode Error - cannot display]
  [OK] Updated: brand=None, series=None, sentiment=0.00

[17/78] Processing video: cfPJNehU2wU
  Title: [Unicode Error - cannot display]
  [OK] Updated: brand=None, series=None, sentiment=0.00

[18/78] Processing video: cfPJNehU2wU
  Title: [Unicode Error - cannot display]
  [OK] Updated: brand=None, series=None, sentiment=0.00

[19/78] Processing video: cfPJNehU2wU
  Title: [Unicode Error - cannot display]
  [OK] Updated: brand=None, series=None, sentiment=0.00

[20/78] Processing video: Cq9QsPNQuWY
  Title: Google Pixel 10 Series Hands-on & Colors!...
  [OK] Updated: brand=None, series=None, sentiment=0.00

  >>> Processed 20 videos, waiting 10 seconds...

[21/78] Processing video: Dq3gUqDA-Xw
  Title: [Unicode Error - cannot display]
  [OK] Updated: brand=Samsung, series=None, sentiment=0.00

[22/78] Processing video: Dq3gUqDA-Xw
  Title: [Unicode Error - cannot display]
  [OK] Updated: brand=Samsung, series=None, sentiment=0.00

[23/78] Processing video: Dq3gUqDA-Xw
  Title: [Unicode Error - cannot display]
  [OK] Updated: brand=Samsung, series=None, sentiment=0.00

[24/78] Processing video: Dq3gUqDA-Xw
  Title: [Unicode Error - cannot display]
  [OK] Updated: brand=Samsung, series=None, sentiment=0.00

[25/78] Processing video: eH7mR3Qwfug
  Title: [Unicode Error - cannot display]
  [OK] Updated: brand=None, series=None, sentiment=0.00

[26/78] Processing video: eH7mR3Qwfug
  Title: [Unicode Error - cannot display]
  [OK] Updated: brand=None, series=None, sentiment=0.00

[27/78] Processing video: _hEF7iqmhws
  Title: Samsung Galaxy Buds 3 FE Unboxing in Gray: Worth $149.99?...
  [OK] Updated: brand=Samsung, series=None, sentiment=2.00

[28/78] Processing video: i63u-iAnhuk
  Title: Pixel 10/Pro Review: Good News and Bad News!...
  [OK] Updated: brand=None, series=None, sentiment=0.00

[29/78] Processing video: i8vOs2VCmHc
  Title: Nintendo Store officially launches on iPhone!...
  [OK] Updated: brand=None, series=None, sentiment=0.00

[30/78] Processing video: idEAABFzpfg
  Title: iPhone 17/Pro/Air Impressions: Spot the Red Flags!...
  [OK] Updated: brand=None, series=None, sentiment=0.00

  >>> Processed 30 videos, waiting 10 seconds...

[31/78] Processing video: idEAABFzpfg
  Title: iPhone 17/Pro/Air Impressions: Spot the Red Flags!...
  [OK] Updated: brand=None, series=None, sentiment=0.00

[32/78] Processing video: k7Fjv9JlUuE
  Title: Apple iPhone 17 Pro Max in Cosmic Orange Hands On...
  [OK] Updated: brand=None, series=None, sentiment=0.00

[33/78] Processing video: KOpFZ-HFOFs
  Title: [Unicode Error - cannot display]
  [OK] Updated: brand=None, series=None, sentiment=0.00

[34/78] Processing video: kUVpnB42j_s
  Title: iPhone 17 Series Simplified Buyers Guide | Which iPhone shou...
  [OK] Updated: brand=None, series=None, sentiment=0.00

[35/78] Processing video: lEOqgCH8fNQ
  Title: [Unicode Error - cannot display]
  [OK] Updated: brand=None, series=None, sentiment=0.00

[36/78] Processing video: ltY2KVRn8JA
  Title: iPhone 17 - Which Color is Best??...
  [OK] Updated: brand=None, series=None, sentiment=0.00

[37/78] Processing video: ltY2KVRn8JA
  Title: iPhone 17 - Which Color is Best??...
  [OK] Updated: brand=None, series=None, sentiment=0.00

[38/78] Processing video: m0UCJEViqFE
  Title: Google Pixel 10 (not Pro) - The Best Android Phone for Most ...
  [OK] Updated: brand=None, series=None, sentiment=0.00

[39/78] Processing video: NnOe70u65nM
  Title: [Unicode Error - cannot display]
  [OK] Updated: brand=None, series=None, sentiment=0.00

[40/78] Processing video: nryxoMrvxns
  Title: 2026 Sony TV leaks Bravia 7 II RGB MiniLED!...
  [OK] Updated: brand=Sony, series=Bravia 7 II, sentiment=4.00

  >>> Processed 40 videos, waiting 10 seconds...

[41/78] Processing video: nryxoMrvxns
  Title: 2026 Sony TV leaks Bravia 7 II RGB MiniLED!...
  [OK] Updated: brand=Sony, series=7 II, sentiment=4.00

[42/78] Processing video: ocL33QgPaRU
  Title: I BOUGHT THE iPHONE 17 AT THE APPLE STORE!!...
  [OK] Updated: brand=None, series=None, sentiment=0.00

[43/78] Processing video: ocL33QgPaRU
  Title: I BOUGHT THE iPHONE 17 AT THE APPLE STORE!!...
  [OK] Updated: brand=None, series=None, sentiment=0.00

[44/78] Processing video: P4dHELTfwso
  Title: iPhone 17 Pro - Which Color is Best??...
  [OK] Updated: brand=None, series=None, sentiment=0.00

[45/78] Processing video: P4dHELTfwso
  Title: iPhone 17 Pro - Which Color is Best??...
  [OK] Updated: brand=None, series=None, sentiment=0.00

[46/78] Processing video: qpg7_Vw_HsE
  Title: TCL QM9K TV Stuns the OLED crowd at Cedia 2025...
  [OK] Updated: brand=TCL-Digital, series=QM9K, sentiment=5.00

[47/78] Processing video: r6A7tZa3ZR8
  Title: 115" Samsung Micro RGB TV - First Look...
  [OK] Updated: brand=Samsung, series=QN90F, sentiment=0.00

[48/78] Processing video: r6A7tZa3ZR8
  Title: 115" Samsung Micro RGB TV - First Look...
  [OK] Updated: brand=Samsung, series=QN90F, sentiment=0.00

[49/78] Processing video: r6A7tZa3ZR8
  Title: 115" Samsung Micro RGB TV - First Look...
  [OK] Updated: brand=Samsung, series=QN90F, sentiment=0.00

[50/78] Processing video: r6A7tZa3ZR8
  Title: 115" Samsung Micro RGB TV - First Look...
  [OK] Updated: brand=Samsung, series=QN90F, sentiment=0.00

  >>> Processed 50 videos, waiting 10 seconds...

[51/78] Processing video: r6A7tZa3ZR8
  Title: 115" Samsung Micro RGB TV - First Look...
  [OK] Updated: brand=Samsung, series=QN90F, sentiment=0.00

[52/78] Processing video: r6A7tZa3ZR8
  Title: 115" Samsung Micro RGB TV - First Look...
  [OK] Updated: brand=Samsung, series=QN90F, sentiment=0.00

[53/78] Processing video: rDUabFEJ6eQ
  Title: You Should Probably Buy an iPhone 17...
  [OK] Updated: brand=None, series=None, sentiment=0.00

[54/78] Processing video: rYARL2M21EU
  Title: Pixel 10 Pro XL Initial Review: The Good and the Bad!...
  [OK] Updated: brand=Google, series=Pixel 10 Pro XL, sentiment=4.00

[55/78] Processing video: s0EbxhQYeCA
  Title: iPhone 17/Pro/Air Unboxing: 1 Hot Take!...
  [OK] Updated: brand=None, series=None, sentiment=0.00

[56/78] Processing video: Sa5kNj-my-k
  Title: Google Pixel 10 Pro Fold All Colors Hands On: Wow...
  [OK] Updated: brand=None, series=None, sentiment=0.00

[57/78] Processing video: sfh6Dz3UW4c
  Title: Google Pixel 10 All Colors Hands On!...
  [OK] Updated: brand=None, series=None, sentiment=0.00

[58/78] Processing video: tcEMiPJFXhQ
  Title: iPhone 17 Leaked By Apple! New Features Revealed!...
  [OK] Updated: brand=None, series=None, sentiment=0.00

[59/78] Processing video: tcEMiPJFXhQ
  Title: iPhone 17 Leaked By Apple! New Features Revealed!...
  [OK] Updated: brand=None, series=None, sentiment=0.00

[60/78] Processing video: tDSj7dp5lgg
  Title: First iPhone 17 buyers enter Apple¡¯s Fifth Avenue store in N...
  [OK] Updated: brand=None, series=None, sentiment=0.00

  >>> Processed 60 videos, waiting 10 seconds...

[61/78] Processing video: tDSj7dp5lgg
  Title: First iPhone 17 buyers enter Apple¡¯s Fifth Avenue store in N...
  [OK] Updated: brand=None, series=None, sentiment=0.00

[62/78] Processing video: TlSIwGeTjYs
  Title: [Unicode Error - cannot display]
  [OK] Updated: brand=None, series=None, sentiment=0.00

[63/78] Processing video: U4ulQpNPM48
  Title: Apple September Event - iPhone 17 Price, Release Date & Huge...
  [OK] Updated: brand=None, series=None, sentiment=0.00

[64/78] Processing video: Ubn2STAJhWM
  Title: LG G5 vs Sony Bravia 8 II Rematch Uncalibrated Out of the Bo...
  [OK] Updated: brand=LG, series=G5, sentiment=-3.00

[65/78] Processing video: v5lc7UAAats
  Title: This or Apple Vision Pro?...
  [OK] Updated: brand=None, series=None, sentiment=0.00

[66/78] Processing video: W3kRvWdoBho
  Title: ASMR unboxing - Samsung Galaxy S25 FE (Navy)...
  [OK] Updated: brand=Samsung, series=S25 FE, sentiment=4.00

[67/78] Processing video: W3kRvWdoBho
  Title: ASMR unboxing - Samsung Galaxy S25 FE (Navy)...
  [OK] Updated: brand=Samsung, series=S25 FE, sentiment=4.00

[68/78] Processing video: W5Vqu5SO-lE
  Title: iPhone 17 ALL NEW COLORS!...
  [OK] Updated: brand=None, series=None, sentiment=0.00

[69/78] Processing video: W5Vqu5SO-lE
  Title: iPhone 17 ALL NEW COLORS!...
  [OK] Updated: brand=None, series=None, sentiment=0.00

[70/78] Processing video: xFk_SefU6D8
  Title: Samsung has finally launched a TV featuring the company¡¯s ne...
  [OK] Updated: brand=Samsung, series=None, sentiment=4.00

  >>> Processed 70 videos, waiting 10 seconds...

[71/78] Processing video: xFk_SefU6D8
  Title: Samsung has finally launched a TV featuring the company¡¯s ne...
  [OK] Updated: brand=Samsung, series=None, sentiment=4.00

[72/78] Processing video: xFk_SefU6D8
  Title: Samsung has finally launched a TV featuring the company¡¯s ne...
  [OK] Updated: brand=Samsung, series=None, sentiment=4.00

[73/78] Processing video: xFk_SefU6D8
  Title: Samsung has finally launched a TV featuring the company¡¯s ne...
  [OK] Updated: brand=Samsung, series=None, sentiment=4.00

[74/78] Processing video: xFk_SefU6D8
  Title: Samsung has finally launched a TV featuring the company¡¯s ne...
  [OK] Updated: brand=Samsung, series=None, sentiment=4.00

[75/78] Processing video: XRHClFClEAY
  Title: [Unicode Error - cannot display]
  [OK] Updated: brand=Samsung, series=None, sentiment=0.00

[76/78] Processing video: YbuJ1XW_LSg
  Title: Samsung¡¯s MASSIVE new 115¡± 4K QLED TV (QN90F)...
  [OK] Updated: brand=Samsung, series=QN90F, sentiment=4.00

[77/78] Processing video: _yOTYsFlRQY
  Title: The iPhone AIR...
  [OK] Updated: brand=None, series=None, sentiment=0.00

[78/78] Processing video: _yOTYsFlRQY
  Title: The iPhone AIR...
  [OK] Updated: brand=None, series=None, sentiment=0.00

================================================================================
Update completed!
  Total videos: 78
  Successfully updated: 78
  Failed: 0
