Warning: Could not import config.secrets: cannot import name 'secrets' from partially initialized module 'config' (most likely due to a circular import) (D:\Gomguard\program\samsung_crawl\instagram_brand_analyzer\config\__init__.py)
Trying alternative import...
Successfully loaded secrets from file path
Connected to PostgreSQL database: samsung_dx_sentiment
Found 19 posts that need comment summaries
================================================================================

[1/19] Processing: @kakisham (samsung oled)
  Post ID: 3080578815211065879
  Comments: 15
  Generating summary for 15 comments...
  [OK] Summary saved:         ,       .  ...

[2/19] Processing: @piper_the_dachshund_uk (lg tv)
  Post ID: 3394514261975306603
  Comments: 15
  Generating summary for 15 comments...
  [OK] Summary saved:           .         ...

[3/19] Processing: @delighttvserviceshyd (lg tv)
  Post ID: 3753834727304907804
  Comments: 15
  Generating summary for 15 comments...
  [OK] Summary saved:   TV       ,       . ,  ...

[4/19] Processing: @businessbulls.in (Samsung TV)
  Post ID: 3236005432854676748
  Comments: 15
  Generating summary for 15 comments...
  [OK] Summary saved:   TV        ,          ...

[5/19] Processing: @vodafonealbania (samsung tv)
  Post ID: 3529510865503860078
  Comments: 15
  Generating summary for 15 comments...
  [OK] Summary saved:          .       ,  ...

[6/19] Processing: @parikshitbalochi (Samsung TV)
  Post ID: 3025807006196730859
  Comments: 15
  Generating summary for 15 comments...
  [OK] Summary saved:         .          ...

[7/19] Processing: @marcosmion (samsung qled)
  Post ID: 2454102061076656025
  Comments: 15
  Generating summary for 15 comments...
  [OK] Summary saved:    QLED TV      ,     .   TV...

[8/19] Processing: @rgb_direct (samsung tv)
  Post ID: 3756559449558178133
  Comments: 15
  Generating summary for 15 comments...
  [OK] Summary saved:   TV       .    TV   ,  TV...

[9/19] Processing: @omjiimobileofficiall (lg tv)
  Post ID: 3744700478606137831
  Comments: 15
  Generating summary for 15 comments...
  [OK] Summary saved:            .       ...

[10/19] Processing: @booredatwork (samsung oled)
  Post ID: 3021489889029677372
  Comments: 14
  Generating summary for 14 comments...
  [OK] Summary saved:            .      ...

  >>> Processed 10 posts, waiting 10 seconds...

[11/19] Processing: @martinthemeat (Samsung TV)
  Post ID: 2959068288165322942
  Comments: 8
  Generating summary for 8 comments...
  [OK] Summary saved:    ,     Thor   .  Thor   ...

[12/19] Processing: @riverlpm (Samsung TV)
  Post ID: 3385322956048146793
  Comments: 8
  Generating summary for 8 comments...
  [OK] Summary saved:  River Racing      ,      . ,  ...

[13/19] Processing: @carlosvassan (Samsung TV)
  Post ID: 2827309188405154145
  Comments: 5
  Generating summary for 5 comments...
  [OK] Summary saved:         .   OLED      ...

[14/19] Processing: @silverfox1982x (Samsung TV)
  Post ID: 3756923911490283077
  Comments: 3
  Generating summary for 3 comments...
  [OK] Summary saved:        ,  TLOU2-Statue   .   ...

[15/19] Processing: @throttle_home (samsung tv)
  Post ID: 3755022117663182287
  Comments: 3
  Generating summary for 3 comments...
  [OK] Summary saved:         .     ,   ...

[16/19] Processing: @fenerliine (samsung oled)
  Post ID: 3513431316087446949
  Comments: 2
  Generating summary for 2 comments...
  [OK] Summary saved:  Besiktas        . 'kocas'      ...

[17/19] Processing: @komputerpc (Samsung TV)
  Post ID: 3757044827830260899
  Comments: 1
  Generating summary for 1 comments...
  [OK] Summary saved:   TV Disney HDR10      .      , H...

[18/19] Processing: @hookedupinstalls (Samsung TV)
  Post ID: 3753765715149901773
  Comments: 1
  Generating summary for 1 comments...
  [OK] Summary saved:   Brent    .  Brent      ....

[19/19] Processing: @electricsized (lg tv)
  Post ID: 3750183949596672377
  Comments: 1
  Generating summary for 1 comments...
  [OK] Summary saved: No valid comment text available...

================================================================================
Comment Summary Generation Complete
================================================================================
Successfully processed: 19/19
Errors: 0

Total posts with comment summaries in DB: 21
Disconnected from database
