[INFO] Loaded 431 products from brand_series_info
Found 51 videos to update
================================================================================

[1/51] Processing video: 0sJiBaVxtYQ
  Title: [Unicode Error - cannot display]
  Category: HHP
  [OK] Updated: brand=Apple, series=iPhone 17 Pro Max, sentiment=0.00

[2/51] Processing video: 5caOA3tZQYQ
  Title: [Unicode Error - cannot display]
  Category: TV
  [OK] Updated: brand=Apple, series=Apple TV 4K, sentiment=0.00

[3/51] Processing video: 5caOA3tZQYQ
  Title: [Unicode Error - cannot display]
  Category: TV
  [OK] Updated: brand=Apple, series=Apple TV 4K, sentiment=0.00

[4/51] Processing video: 5caOA3tZQYQ
  Title: [Unicode Error - cannot display]
  Category: TV
  [OK] Updated: brand=Apple, series=Apple TV 4K, sentiment=0.00

[5/51] Processing video: 5caOA3tZQYQ
  Title: [Unicode Error - cannot display]
  Category: TV
  [OK] Updated: brand=Apple, series=Apple TV 4K, sentiment=0.00

[6/51] Processing video: 5EdsU1-Gsrg
  Title: Galaxy Tab S11 Ultra Unboxing...
  Category: HHP
  [OK] Updated: brand=Samsung, series=Galaxy Tab S11, sentiment=0.00

[7/51] Processing video: 5EdsU1-Gsrg
  Title: Galaxy Tab S11 Ultra Unboxing...
  Category: HHP
  [OK] Updated: brand=Samsung, series=Galaxy Tab S11, sentiment=0.00

[8/51] Processing video: 7ItvUDAmHrk
  Title: iPhone 17 Pro in COSMIC ORANGE...
  Category: HHP
  [OK] Updated: brand=Apple, series=iPhone 17 Pro, sentiment=0.00

[9/51] Processing video: 7ItvUDAmHrk
  Title: iPhone 17 Pro in COSMIC ORANGE...
  Category: HHP
  [OK] Updated: brand=Apple, series=iPhone 17 Pro, sentiment=0.00

[10/51] Processing video: ASyxZCh9GJI
  Title: iPhone 17 - Hands on at the Apple Event!...
  Category: HHP
  [OK] Updated: brand=Apple, series=iPhone 17, sentiment=0.00

  >>> Processed 10 videos, waiting 10 seconds...

[11/51] Processing video: ASyxZCh9GJI
  Title: iPhone 17 - Hands on at the Apple Event!...
  Category: HHP
  [OK] Updated: brand=Apple, series=iPhone 17, sentiment=0.00

[12/51] Processing video: bfOf2rQ62Qc
  Title: iPhone 17 Launch Day: Tim Cook @ Apple Store 5th Ave...
  Category: HHP
  [OK] Updated: brand=Apple, series=iPhone 17, sentiment=0.00

[13/51] Processing video: bfOf2rQ62Qc
  Title: iPhone 17 Launch Day: Tim Cook @ Apple Store 5th Ave...
  Category: HHP
  [OK] Updated: brand=Apple, series=iPhone 17, sentiment=0.00

[14/51] Processing video: cfPJNehU2wU
  Title: [Unicode Error - cannot display]
  Category: HHP
  [OK] Updated: brand=Apple, series=iPhone 17 Pro, sentiment=-3.00

[15/51] Processing video: cfPJNehU2wU
  Title: [Unicode Error - cannot display]
  Category: HHP
  [OK] Updated: brand=Apple, series=iPhone 17 Pro, sentiment=-3.00

[16/51] Processing video: cfPJNehU2wU
  Title: [Unicode Error - cannot display]
  Category: HHP
  [OK] Updated: brand=Apple, series=iPhone 17 Pro, sentiment=-3.00

[17/51] Processing video: cfPJNehU2wU
  Title: [Unicode Error - cannot display]
  Category: HHP
  [OK] Updated: brand=Apple, series=iPhone 17 Pro, sentiment=-3.00

[18/51] Processing video: Cq9QsPNQuWY
  Title: Google Pixel 10 Series Hands-on & Colors!...
  Category: HHP
  [OK] Updated: brand=Google, series=Pixel 10 Series, sentiment=0.00

[19/51] Processing video: eH7mR3Qwfug
  Title: [Unicode Error - cannot display]
  Category: HHP
  [OK] Updated: brand=Apple, series=iPhone 17, sentiment=-3.00

[20/51] Processing video: eH7mR3Qwfug
  Title: [Unicode Error - cannot display]
  Category: HHP
  [OK] Updated: brand=Apple, series=iPhone 17, sentiment=-3.00

  >>> Processed 20 videos, waiting 10 seconds...

[21/51] Processing video: i63u-iAnhuk
  Title: Pixel 10/Pro Review: Good News and Bad News!...
  Category: HHP
  [OK] Updated: brand=Google, series=Pixel 10 Pro, sentiment=0.00

[22/51] Processing video: i8vOs2VCmHc
  Title: Nintendo Store officially launches on iPhone!...
  Category: HHP
  [OK] Updated: brand=Apple, series=None, sentiment=0.00

[23/51] Processing video: idEAABFzpfg
  Title: iPhone 17/Pro/Air Impressions: Spot the Red Flags!...
  Category: HHP
  [OK] Updated: brand=Apple, series=iPhone 17, sentiment=0.00

[24/51] Processing video: idEAABFzpfg
  Title: iPhone 17/Pro/Air Impressions: Spot the Red Flags!...
  Category: HHP
  [OK] Updated: brand=Apple, series=iPhone 17, sentiment=0.00

[25/51] Processing video: k7Fjv9JlUuE
  Title: Apple iPhone 17 Pro Max in Cosmic Orange Hands On...
  Category: HHP
  [OK] Updated: brand=Apple, series=iPhone 17 Pro Max, sentiment=5.00

[26/51] Processing video: KOpFZ-HFOFs
  Title: [Unicode Error - cannot display]
  Category: HHP
  [OK] Updated: brand=Apple, series=None, sentiment=4.00

[27/51] Processing video: kUVpnB42j_s
  Title: iPhone 17 Series Simplified Buyers Guide | Which iPhone shou...
  Category: HHP
  [OK] Updated: brand=Apple, series=iPhone 17, sentiment=0.00

[28/51] Processing video: lEOqgCH8fNQ
  Title: [Unicode Error - cannot display]
  Category: HHP
  [OK] Updated: brand=Apple, series=iPhone 17, sentiment=0.00

[29/51] Processing video: ltY2KVRn8JA
  Title: iPhone 17 - Which Color is Best??...
  Category: HHP
  [OK] Updated: brand=Apple, series=iPhone 17, sentiment=4.00

[30/51] Processing video: ltY2KVRn8JA
  Title: iPhone 17 - Which Color is Best??...
  Category: HHP
  [OK] Updated: brand=Apple, series=iPhone 17, sentiment=4.00

  >>> Processed 30 videos, waiting 10 seconds...

[31/51] Processing video: m0UCJEViqFE
  Title: Google Pixel 10 (not Pro) - The Best Android Phone for Most ...
  Category: HHP
  [OK] Updated: brand=Google, series=Pixel 10, sentiment=3.00

[32/51] Processing video: NnOe70u65nM
  Title: [Unicode Error - cannot display]
  Category: HHP
  [OK] Updated: brand=Apple, series=iPhone 17, sentiment=4.00

[33/51] Processing video: ocL33QgPaRU
  Title: I BOUGHT THE iPHONE 17 AT THE APPLE STORE!!...
  Category: HHP
  [OK] Updated: brand=Apple, series=iPhone 17 Pro, sentiment=5.00

[34/51] Processing video: ocL33QgPaRU
  Title: I BOUGHT THE iPHONE 17 AT THE APPLE STORE!!...
  Category: HHP
  [OK] Updated: brand=Apple, series=iPhone 17 Pro, sentiment=5.00

[35/51] Processing video: P4dHELTfwso
  Title: iPhone 17 Pro - Which Color is Best??...
  Category: HHP
  [OK] Updated: brand=Apple, series=iPhone 17 Pro, sentiment=3.00

[36/51] Processing video: P4dHELTfwso
  Title: iPhone 17 Pro - Which Color is Best??...
  Category: HHP
  [OK] Updated: brand=Apple, series=iPhone 17 Pro, sentiment=3.00

[37/51] Processing video: rDUabFEJ6eQ
  Title: You Should Probably Buy an iPhone 17...
  Category: HHP
  [OK] Updated: brand=Apple, series=iPhone 17, sentiment=4.00

[38/51] Processing video: s0EbxhQYeCA
  Title: iPhone 17/Pro/Air Unboxing: 1 Hot Take!...
  Category: HHP
  [OK] Updated: brand=Apple, series=iPhone 17, sentiment=0.00

[39/51] Processing video: Sa5kNj-my-k
  Title: Google Pixel 10 Pro Fold All Colors Hands On: Wow...
  Category: HHP
  [OK] Updated: brand=Google, series=Pixel 10 Pro Fold, sentiment=4.00

[40/51] Processing video: sfh6Dz3UW4c
  Title: Google Pixel 10 All Colors Hands On!...
  Category: HHP
  [OK] Updated: brand=Google, series=Pixel 10, sentiment=4.00

  >>> Processed 40 videos, waiting 10 seconds...

[41/51] Processing video: tcEMiPJFXhQ
  Title: iPhone 17 Leaked By Apple! New Features Revealed!...
  Category: HHP
  [OK] Updated: brand=Apple, series=iPhone 17 Pro, sentiment=3.00

[42/51] Processing video: tcEMiPJFXhQ
  Title: iPhone 17 Leaked By Apple! New Features Revealed!...
  Category: HHP
  [OK] Updated: brand=Apple, series=iPhone 17 Pro, sentiment=3.00

[43/51] Processing video: tDSj7dp5lgg
  Title: First iPhone 17 buyers enter Apple¡¯s Fifth Avenue store in N...
  Category: HHP
  [OK] Updated: brand=Apple, series=iPhone 17, sentiment=3.00

[44/51] Processing video: tDSj7dp5lgg
  Title: First iPhone 17 buyers enter Apple¡¯s Fifth Avenue store in N...
  Category: HHP
  [OK] Updated: brand=Apple, series=iPhone 17, sentiment=5.00

[45/51] Processing video: TlSIwGeTjYs
  Title: [Unicode Error - cannot display]
  Category: HHP
  [OK] Updated: brand=Apple, series=iPhone 17 Pro, sentiment=0.00

[46/51] Processing video: U4ulQpNPM48
  Title: Apple September Event - iPhone 17 Price, Release Date & Huge...
  Category: HHP
  [OK] Updated: brand=Apple, series=iPhone 17, sentiment=3.00

[47/51] Processing video: v5lc7UAAats
  Title: This or Apple Vision Pro?...
  Category: TV
  [OK] Updated: brand=Apple, series=None, sentiment=0.00

[48/51] Processing video: W5Vqu5SO-lE
  Title: iPhone 17 ALL NEW COLORS!...
  Category: HHP
  [OK] Updated: brand=Apple, series=iPhone 17, sentiment=0.00

[49/51] Processing video: W5Vqu5SO-lE
  Title: iPhone 17 ALL NEW COLORS!...
  Category: HHP
  [OK] Updated: brand=Apple, series=iPhone 17, sentiment=0.00

[50/51] Processing video: _yOTYsFlRQY
  Title: The iPhone AIR...
  Category: HHP
  [OK] Updated: brand=Apple, series=iPhone AIR, sentiment=3.00

  >>> Processed 50 videos, waiting 10 seconds...

[51/51] Processing video: _yOTYsFlRQY
  Title: The iPhone AIR...
  Category: HHP
  [OK] Updated: brand=Apple, series=iPhone AIR, sentiment=0.00

================================================================================
Update completed!
  Total videos: 51
  Successfully updated: 51
  Failed: 0
